Script started on 2022-07-22 19:22:48+0200
java 17.0.2 2022-01-18 LTS
Java(TM) SE Runtime Environment (build 17.0.2+8-LTS-86)
Java HotSpot(TM) 64-Bit Server VM (build 17.0.2+8-LTS-86, mixed mode, sharing)
Scala compiler version 3.0.2 -- Copyright 2002-2021, LAMP/EPFL
Clojure CLI version 1.10.3.1069
[1mApache Maven 3.6.3 (cecedd343002696d0abb50b32b541b8a6ba2883f)[m
Maven home: /home/tomasz/app/apache-maven-3.6.3
Java version: 17.0.2, vendor: Oracle Corporation, runtime: /usr/lib/jvm/jdk-17
Default locale: en_US, platform encoding: UTF-8
OS name: "linux", version: "5.4.0-122-generic", arch: "amd64", family: "unix"
sbt version in this project: 1.6.2
sbt script version: 1.7.1
Leiningen 2.9.7 on Java 17.0.2 Java HotSpot(TM) 64-Bit Server VM
/home/tomasz/Documents/workspace/fibonacci
/home/tomasz/Documents/workspace/fibonacci
/home/tomasz/Documents/workspace/fibonacci
/home/tomasz/Documents/workspace/fibonacci
/home/tomasz/Documents/workspace/fibonacci
/home/tomasz/Documents/workspace/fibonacci
./batch/linux/004-bash-grep-todo.sh:(cd $DIR_PROJECT; grep -r "TODO" .; cd -) #
./batch/linux/305-lein-run-specific.sh:#TODO: https://stackoverflow.com/questions/11023762/leiningen-with-multiple-main-classes #
./_confidential/ScalaApp.scala:  private val _TODO_data = List[FileItem](
./_confidential/ScalaApp.scala:        - <- insertMany(_TODO_data).transact(xa)
./src/main/java/pl/tomaszgigiel/fibonacci/utils/MatrixUtil.java:			throw new java.lang.UnsupportedOperationException("TODO");
./src/main/java/pl/tomaszgigiel/fibonacci/utils/MatrixUtil.java:			throw new java.lang.UnsupportedOperationException("TODO");
/home/tomasz/Documents/workspace/fibonacci
/home/tomasz/Documents/workspace/fibonacci
[1;34mINFO[m] Scanning for projects...
[1;34mINFO[m] 
[1;34mINFO[m] [1m-------------------< [0;36mpl.tomaszgigiel:fibonacci-mvn[0;1m >--------------------[m
[1;34mINFO[m] [1mBuilding fibonacci-mvn 1000-SNAPSHOT[m
[1;34mINFO[m] [1m--------------------------------[ jar ]---------------------------------[m
[1;34mINFO[m] 
[1;34mINFO[m] [1m--- [0;32mmaven-clean-plugin:2.5:clean[m [1m(default-clean)[m @ [36mfibonacci-mvn[0;1m ---[m
[1;34mINFO[m] 
[1;34mINFO[m] [1m--- [0;32mmaven-resources-plugin:2.6:resources[m [1m(default-resources)[m @ [36mfibonacci-mvn[0;1m ---[m
[1;34mINFO[m] Using 'UTF-8' encoding to copy filtered resources.
[1;34mINFO[m] Copying 8 resources
[1;34mINFO[m] 
[1;34mINFO[m] [1m--- [0;32mmaven-compiler-plugin:3.10.1:compile[m [1m(default-compile)[m @ [36mfibonacci-mvn[0;1m ---[m
[1;34mINFO[m] Changes detected - recompiling the module!
[1;34mINFO[m] Compiling 13 source files to /home/tomasz/Documents/workspace/fibonacci/target/classes
[1;34mINFO[m] [1m------------------------------------------------------------------------[m
[1;34mINFO[m] [1;32mBUILD SUCCESS[m
[1;34mINFO[m] [1m------------------------------------------------------------------------[m
[1;34mINFO[m] Total time:  6.085 s
[1;34mINFO[m] Finished at: 2022-07-22T19:23:09+02:00
[1;34mINFO[m] [1m------------------------------------------------------------------------[m
/home/tomasz/Documents/workspace/fibonacci
/home/tomasz/Documents/workspace/fibonacci
[1;34mINFO[m] Scanning for projects...
[1;34mINFO[m] 
[1;34mINFO[m] [1m-------------------< [0;36mpl.tomaszgigiel:fibonacci-mvn[0;1m >--------------------[m
[1;34mINFO[m] [1mBuilding fibonacci-mvn 1000-SNAPSHOT[m
[1;34mINFO[m] [1m--------------------------------[ jar ]---------------------------------[m
[1;34mINFO[m] 
[1;34mINFO[m] [1m--- [0;32mmaven-clean-plugin:2.5:clean[m [1m(default-clean)[m @ [36mfibonacci-mvn[0;1m ---[m
[1;34mINFO[m] Deleting /home/tomasz/Documents/workspace/fibonacci/target
[1;34mINFO[m] 
[1;34mINFO[m] [1m--- [0;32mmaven-resources-plugin:2.6:resources[m [1m(default-resources)[m @ [36mfibonacci-mvn[0;1m ---[m
[1;34mINFO[m] Using 'UTF-8' encoding to copy filtered resources.
[1;34mINFO[m] Copying 8 resources
[1;34mINFO[m] 
[1;34mINFO[m] [1m--- [0;32mmaven-compiler-plugin:3.10.1:compile[m [1m(default-compile)[m @ [36mfibonacci-mvn[0;1m ---[m
[1;34mINFO[m] Changes detected - recompiling the module!
[1;34mINFO[m] Compiling 13 source files to /home/tomasz/Documents/workspace/fibonacci/target/classes
[1;34mINFO[m] 
[1;34mINFO[m] [1m--- [0;32mmaven-resources-plugin:2.6:testResources[m [1m(default-testResources)[m @ [36mfibonacci-mvn[0;1m ---[m
[1;34mINFO[m] Using 'UTF-8' encoding to copy filtered resources.
[1;34mINFO[m] Copying 1 resource
[1;34mINFO[m] 
[1;34mINFO[m] [1m--- [0;32mmaven-compiler-plugin:3.10.1:testCompile[m [1m(default-testCompile)[m @ [36mfibonacci-mvn[0;1m ---[m
[1;34mINFO[m] Changes detected - recompiling the module!
[1;34mINFO[m] Compiling 8 source files to /home/tomasz/Documents/workspace/fibonacci/target/test-classes
[1;34mINFO[m] 
[1;34mINFO[m] [1m--- [0;32mmaven-surefire-plugin:3.0.0-M5:test[m [1m(default-test)[m @ [36mfibonacci-mvn[0;1m ---[m
[1;34mINFO[m] 
[1;34mINFO[m] -------------------------------------------------------
[1;34mINFO[m]  T E S T S
[1;34mINFO[m] -------------------------------------------------------
[1;34mINFO[m] Running pl.tomaszgigiel.fibonacci.[1mJBigFibonacciTests[m
[1;34mINFO[m] [1;32mTests run: [0;1;32m4[m, Failures: 0, Errors: 0, Skipped: 0, Time elapsed: 0.108 s - in pl.tomaszgigiel.fibonacci.[1mJBigFibonacciTests[m
[1;34mINFO[m] Running pl.tomaszgigiel.fibonacci.[1mSQLBigFibonacciTests[m
[1;34mINFO[m] [1;32mTests run: [0;1;32m4[m, Failures: 0, Errors: 0, Skipped: 0, Time elapsed: 0.075 s - in pl.tomaszgigiel.fibonacci.[1mSQLBigFibonacciTests[m
[1;34mINFO[m] Running pl.tomaszgigiel.fibonacci.[1mJavaAppTests[m
[1;34mINFO[m] [1;32mTests run: [0;1;32m1[m, Failures: 0, Errors: 0, Skipped: 0, Time elapsed: 0.004 s - in pl.tomaszgigiel.fibonacci.[1mJavaAppTests[m
[1;34mINFO[m] Running pl.tomaszgigiel.fibonacci.[1mSQLFibonacciTests[m
[1;34mINFO[m] [1;32mTests run: [0;1;32m1[m, Failures: 0, Errors: 0, Skipped: 0, Time elapsed: 1.325 s - in pl.tomaszgigiel.fibonacci.[1mSQLFibonacciTests[m
[1;34mINFO[m] Running pl.tomaszgigiel.fibonacci.[1mJFibonacciTests[m
[1;34mINFO[m] [1;32mTests run: [0;1;32m4[m, Failures: 0, Errors: 0, Skipped: 0, Time elapsed: 0.029 s - in pl.tomaszgigiel.fibonacci.[1mJFibonacciTests[m
[1;34mINFO[m] 
[1;34mINFO[m] Results:
[1;34mINFO[m] 
[1;34mINFO[m] [1;32mTests run: 14, Failures: 0, Errors: 0, Skipped: 0[m
[1;34mINFO[m] 
[1;34mINFO[m] [1m------------------------------------------------------------------------[m
[1;34mINFO[m] [1;32mBUILD SUCCESS[m
[1;34mINFO[m] [1m------------------------------------------------------------------------[m
[1;34mINFO[m] Total time:  9.642 s
[1;34mINFO[m] Finished at: 2022-07-22T19:23:20+02:00
[1;34mINFO[m] [1m------------------------------------------------------------------------[m
/home/tomasz/Documents/workspace/fibonacci
/home/tomasz/Documents/workspace/fibonacci
[1;34mINFO[m] Scanning for projects...
[1;34mINFO[m] 
[1;34mINFO[m] [1m-------------------< [0;36mpl.tomaszgigiel:fibonacci-mvn[0;1m >--------------------[m
[1;34mINFO[m] [1mBuilding fibonacci-mvn 1000-SNAPSHOT[m
[1;34mINFO[m] [1m--------------------------------[ jar ]---------------------------------[m
[1;34mINFO[m] 
[1;34mINFO[m] [1m--- [0;32mmaven-clean-plugin:2.5:clean[m [1m(default-clean)[m @ [36mfibonacci-mvn[0;1m ---[m
[1;34mINFO[m] Deleting /home/tomasz/Documents/workspace/fibonacci/target
[1;34mINFO[m] 
[1;34mINFO[m] [1m--- [0;32mmaven-resources-plugin:2.6:resources[m [1m(default-resources)[m @ [36mfibonacci-mvn[0;1m ---[m
[1;34mINFO[m] Using 'UTF-8' encoding to copy filtered resources.
[1;34mINFO[m] Copying 8 resources
[1;34mINFO[m] 
[1;34mINFO[m] [1m--- [0;32mmaven-compiler-plugin:3.10.1:compile[m [1m(default-compile)[m @ [36mfibonacci-mvn[0;1m ---[m
[1;34mINFO[m] Changes detected - recompiling the module!
[1;34mINFO[m] Compiling 13 source files to /home/tomasz/Documents/workspace/fibonacci/target/classes
[1;34mINFO[m] 
[1;34mINFO[m] [1m--- [0;32mmaven-resources-plugin:2.6:testResources[m [1m(default-testResources)[m @ [36mfibonacci-mvn[0;1m ---[m
[1;34mINFO[m] Using 'UTF-8' encoding to copy filtered resources.
[1;34mINFO[m] Copying 1 resource
[1;34mINFO[m] 
[1;34mINFO[m] [1m--- [0;32mmaven-compiler-plugin:3.10.1:testCompile[m [1m(default-testCompile)[m @ [36mfibonacci-mvn[0;1m ---[m
[1;34mINFO[m] Changes detected - recompiling the module!
[1;34mINFO[m] Compiling 8 source files to /home/tomasz/Documents/workspace/fibonacci/target/test-classes
[1;34mINFO[m] 
[1;34mINFO[m] [1m--- [0;32mmaven-surefire-plugin:3.0.0-M5:test[m [1m(default-test)[m @ [36mfibonacci-mvn[0;1m ---[m
[1;34mINFO[m] 
[1;34mINFO[m] -------------------------------------------------------
[1;34mINFO[m]  T E S T S
[1;34mINFO[m] -------------------------------------------------------
[1;34mINFO[m] Running pl.tomaszgigiel.fibonacci.[1mJBigFibonacciTests[m
[1;34mINFO[m] [1;32mTests run: [0;1;32m4[m, Failures: 0, Errors: 0, Skipped: 0, Time elapsed: 0.224 s - in pl.tomaszgigiel.fibonacci.[1mJBigFibonacciTests[m
[1;34mINFO[m] Running pl.tomaszgigiel.fibonacci.sql.[1mFibonacciNTest[m
[1;34mINFO[m] [1;32mTests run: [0;1;32m1[m, Failures: 0, Errors: 0, Skipped: 0, Time elapsed: 0.734 s - in pl.tomaszgigiel.fibonacci.sql.[1mFibonacciNTest[m
[1;34mINFO[m] Running pl.tomaszgigiel.fibonacci.sql.[1mFibonacci45Test[m
[1;34mINFO[m] [1;32mTests run: [0;1;32m1[m, Failures: 0, Errors: 0, Skipped: 0, Time elapsed: 0.077 s - in pl.tomaszgigiel.fibonacci.sql.[1mFibonacci45Test[m
[1;34mINFO[m] Running pl.tomaszgigiel.fibonacci.[1mSQLBigFibonacciTests[m
[1;34mINFO[m] [1;32mTests run: [0;1;32m4[m, Failures: 0, Errors: 0, Skipped: 0, Time elapsed: 0.043 s - in pl.tomaszgigiel.fibonacci.[1mSQLBigFibonacciTests[m
[1;34mINFO[m] Running pl.tomaszgigiel.fibonacci.others.[1mDbTest[m
fibonacci: 2022-07-22 19:23:33 INFO  DbTest:44 - ok (java)
[1;34mINFO[m] [1;32mTests run: [0;1;32m1[m, Failures: 0, Errors: 0, Skipped: 0, Time elapsed: 0.695 s - in pl.tomaszgigiel.fibonacci.others.[1mDbTest[m
[1;34mINFO[m] Running pl.tomaszgigiel.fibonacci.[1mJavaAppTests[m
[1;34mINFO[m] [1;32mTests run: [0;1;32m1[m, Failures: 0, Errors: 0, Skipped: 0, Time elapsed: 0.014 s - in pl.tomaszgigiel.fibonacci.[1mJavaAppTests[m
[1;34mINFO[m] Running pl.tomaszgigiel.fibonacci.[1mSQLFibonacciTests[m
[1;34mINFO[m] [1;32mTests run: [0;1;32m1[m, Failures: 0, Errors: 0, Skipped: 0, Time elapsed: 1.109 s - in pl.tomaszgigiel.fibonacci.[1mSQLFibonacciTests[m
[1;34mINFO[m] Running pl.tomaszgigiel.fibonacci.[1mJFibonacciTests[m
[1;34mINFO[m] [1;32mTests run: [0;1;32m4[m, Failures: 0, Errors: 0, Skipped: 0, Time elapsed: 0.034 s - in pl.tomaszgigiel.fibonacci.[1mJFibonacciTests[m
[1;34mINFO[m] 
[1;34mINFO[m] Results:
[1;34mINFO[m] 
[1;34mINFO[m] [1;32mTests run: 17, Failures: 0, Errors: 0, Skipped: 0[m
[1;34mINFO[m] 
[1;34mINFO[m] [1m------------------------------------------------------------------------[m
[1;34mINFO[m] [1;32mBUILD SUCCESS[m
[1;34mINFO[m] [1m------------------------------------------------------------------------[m
[1;34mINFO[m] Total time:  12.118 s
[1;34mINFO[m] Finished at: 2022-07-22T19:23:34+02:00
[1;34mINFO[m] [1m------------------------------------------------------------------------[m
/home/tomasz/Documents/workspace/fibonacci
/home/tomasz/Documents/workspace/fibonacci
[1;34mINFO[m] Scanning for projects...
[1;34mINFO[m] 
[1;34mINFO[m] [1m-------------------< [0;36mpl.tomaszgigiel:fibonacci-mvn[0;1m >--------------------[m
[1;34mINFO[m] [1mBuilding fibonacci-mvn 1000-SNAPSHOT[m
[1;34mINFO[m] [1m--------------------------------[ jar ]---------------------------------[m
[1;34mINFO[m] 
[1;34mINFO[m] [1m--- [0;32mmaven-clean-plugin:2.5:clean[m [1m(default-clean)[m @ [36mfibonacci-mvn[0;1m ---[m
[1;34mINFO[m] Deleting /home/tomasz/Documents/workspace/fibonacci/target
[1;34mINFO[m] 
[1;34mINFO[m] [1m--- [0;32mmaven-resources-plugin:2.6:resources[m [1m(default-resources)[m @ [36mfibonacci-mvn[0;1m ---[m
[1;34mINFO[m] Using 'UTF-8' encoding to copy filtered resources.
[1;34mINFO[m] Copying 8 resources
[1;34mINFO[m] 
[1;34mINFO[m] [1m--- [0;32mmaven-compiler-plugin:3.10.1:compile[m [1m(default-compile)[m @ [36mfibonacci-mvn[0;1m ---[m
[1;34mINFO[m] Changes detected - recompiling the module!
[1;34mINFO[m] Compiling 13 source files to /home/tomasz/Documents/workspace/fibonacci/target/classes
[1;34mINFO[m] 
[1;34mINFO[m] [1m--- [0;32mexec-maven-plugin:3.0.0:java[m [1m(default-cli)[m @ [36mfibonacci-mvn[0;1m ---[m
fibonacci: 2022-07-22 19:23:42 INFO  JavaApp:9 - ok (java)
[1;34mINFO[m] [1m------------------------------------------------------------------------[m
[1;34mINFO[m] [1;32mBUILD SUCCESS[m
[1;34mINFO[m] [1m------------------------------------------------------------------------[m
[1;34mINFO[m] Total time:  6.984 s
[1;34mINFO[m] Finished at: 2022-07-22T19:23:42+02:00
[1;34mINFO[m] [1m------------------------------------------------------------------------[m
/home/tomasz/Documents/workspace/fibonacci
/home/tomasz/Documents/workspace/fibonacci
[1;34mINFO[m] Scanning for projects...
[1;34mINFO[m] 
[1;34mINFO[m] [1m-------------------< [0;36mpl.tomaszgigiel:fibonacci-mvn[0;1m >--------------------[m
[1;34mINFO[m] [1mBuilding fibonacci-mvn 1000-SNAPSHOT[m
[1;34mINFO[m] [1m--------------------------------[ jar ]---------------------------------[m
[1;34mINFO[m] 
[1;34mINFO[m] [1m--- [0;32mmaven-clean-plugin:2.5:clean[m [1m(default-clean)[m @ [36mfibonacci-mvn[0;1m ---[m
[1;34mINFO[m] Deleting /home/tomasz/Documents/workspace/fibonacci/target
[1;34mINFO[m] 
[1;34mINFO[m] [1m--- [0;32mmaven-resources-plugin:2.6:resources[m [1m(default-resources)[m @ [36mfibonacci-mvn[0;1m ---[m
[1;34mINFO[m] Using 'UTF-8' encoding to copy filtered resources.
[1;34mINFO[m] Copying 8 resources
[1;34mINFO[m] 
[1;34mINFO[m] [1m--- [0;32mmaven-compiler-plugin:3.10.1:compile[m [1m(default-compile)[m @ [36mfibonacci-mvn[0;1m ---[m
[1;34mINFO[m] Changes detected - recompiling the module!
[1;34mINFO[m] Compiling 13 source files to /home/tomasz/Documents/workspace/fibonacci/target/classes
[1;34mINFO[m] 
[1;34mINFO[m] [1m--- [0;32mexec-maven-plugin:3.0.0:java[m [1m(default-cli)[m @ [36mfibonacci-mvn[0;1m ---[m
fibonacci: 2022-07-22 19:23:51 INFO  JavaApp:9 - ok (java)
[1;34mINFO[m] [1m------------------------------------------------------------------------[m
[1;34mINFO[m] [1;32mBUILD SUCCESS[m
[1;34mINFO[m] [1m------------------------------------------------------------------------[m
[1;34mINFO[m] Total time:  7.116 s
[1;34mINFO[m] Finished at: 2022-07-22T19:23:51+02:00
[1;34mINFO[m] [1m------------------------------------------------------------------------[m
/home/tomasz/Documents/workspace/fibonacci
/home/tomasz/Documents/workspace/fibonacci
[1;34mINFO[m] Scanning for projects...
[1;34mINFO[m] 
[1;34mINFO[m] [1m-------------------< [0;36mpl.tomaszgigiel:fibonacci-mvn[0;1m >--------------------[m
[1;34mINFO[m] [1mBuilding fibonacci-mvn 1000-SNAPSHOT[m
[1;34mINFO[m] [1m--------------------------------[ jar ]---------------------------------[m
[1;34mINFO[m] 
[1;34mINFO[m] [1m--- [0;32mmaven-clean-plugin:2.5:clean[m [1m(default-clean)[m @ [36mfibonacci-mvn[0;1m ---[m
[1;34mINFO[m] Deleting /home/tomasz/Documents/workspace/fibonacci/target
[1;34mINFO[m] 
[1;34mINFO[m] [1m--- [0;32mmaven-resources-plugin:2.6:resources[m [1m(default-resources)[m @ [36mfibonacci-mvn[0;1m ---[m
[1;34mINFO[m] Using 'UTF-8' encoding to copy filtered resources.
[1;34mINFO[m] Copying 8 resources
[1;34mINFO[m] 
[1;34mINFO[m] [1m--- [0;32mmaven-compiler-plugin:3.10.1:compile[m [1m(default-compile)[m @ [36mfibonacci-mvn[0;1m ---[m
[1;34mINFO[m] Changes detected - recompiling the module!
[1;34mINFO[m] Compiling 13 source files to /home/tomasz/Documents/workspace/fibonacci/target/classes
[1;34mINFO[m] 
[1;34mINFO[m] [1m--- [0;32mmaven-resources-plugin:2.6:testResources[m [1m(default-testResources)[m @ [36mfibonacci-mvn[0;1m ---[m
[1;34mINFO[m] Using 'UTF-8' encoding to copy filtered resources.
[1;34mINFO[m] Copying 1 resource
[1;34mINFO[m] 
[1;34mINFO[m] [1m--- [0;32mmaven-compiler-plugin:3.10.1:testCompile[m [1m(default-testCompile)[m @ [36mfibonacci-mvn[0;1m ---[m
[1;34mINFO[m] Changes detected - recompiling the module!
[1;34mINFO[m] Compiling 8 source files to /home/tomasz/Documents/workspace/fibonacci/target/test-classes
[1;34mINFO[m] 
[1;34mINFO[m] [1m--- [0;32mmaven-surefire-plugin:3.0.0-M5:test[m [1m(default-test)[m @ [36mfibonacci-mvn[0;1m ---[m
[1;34mINFO[m] 
[1;34mINFO[m] -------------------------------------------------------
[1;34mINFO[m]  T E S T S
[1;34mINFO[m] -------------------------------------------------------
[1;34mINFO[m] Running pl.tomaszgigiel.fibonacci.[1mJBigFibonacciTests[m
[1;34mINFO[m] [1;32mTests run: [0;1;32m4[m, Failures: 0, Errors: 0, Skipped: 0, Time elapsed: 0.106 s - in pl.tomaszgigiel.fibonacci.[1mJBigFibonacciTests[m
[1;34mINFO[m] Running pl.tomaszgigiel.fibonacci.sql.[1mFibonacciNTest[m
[1;34mINFO[m] [1;32mTests run: [0;1;32m1[m, Failures: 0, Errors: 0, Skipped: 0, Time elapsed: 0.554 s - in pl.tomaszgigiel.fibonacci.sql.[1mFibonacciNTest[m
[1;34mINFO[m] Running pl.tomaszgigiel.fibonacci.sql.[1mFibonacci45Test[m
[1;34mINFO[m] [1;32mTests run: [0;1;32m1[m, Failures: 0, Errors: 0, Skipped: 0, Time elapsed: 0.08 s - in pl.tomaszgigiel.fibonacci.sql.[1mFibonacci45Test[m
[1;34mINFO[m] Running pl.tomaszgigiel.fibonacci.[1mSQLBigFibonacciTests[m
[1;34mINFO[m] [1;32mTests run: [0;1;32m4[m, Failures: 0, Errors: 0, Skipped: 0, Time elapsed: 0.034 s - in pl.tomaszgigiel.fibonacci.[1mSQLBigFibonacciTests[m
[1;34mINFO[m] Running pl.tomaszgigiel.fibonacci.others.[1mDbTest[m
fibonacci: 2022-07-22 19:24:04 INFO  DbTest:44 - ok (java)
[1;34mINFO[m] [1;32mTests run: [0;1;32m1[m, Failures: 0, Errors: 0, Skipped: 0, Time elapsed: 0.699 s - in pl.tomaszgigiel.fibonacci.others.[1mDbTest[m
[1;34mINFO[m] Running pl.tomaszgigiel.fibonacci.[1mJavaAppTests[m
[1;34mINFO[m] [1;32mTests run: [0;1;32m1[m, Failures: 0, Errors: 0, Skipped: 0, Time elapsed: 0.005 s - in pl.tomaszgigiel.fibonacci.[1mJavaAppTests[m
[1;34mINFO[m] Running pl.tomaszgigiel.fibonacci.[1mSQLFibonacciTests[m
[1;34mINFO[m] [1;32mTests run: [0;1;32m1[m, Failures: 0, Errors: 0, Skipped: 0, Time elapsed: 0.919 s - in pl.tomaszgigiel.fibonacci.[1mSQLFibonacciTests[m
[1;34mINFO[m] Running pl.tomaszgigiel.fibonacci.[1mJFibonacciTests[m
[1;34mINFO[m] [1;32mTests run: [0;1;32m4[m, Failures: 0, Errors: 0, Skipped: 0, Time elapsed: 0.02 s - in pl.tomaszgigiel.fibonacci.[1mJFibonacciTests[m
[1;34mINFO[m] 
[1;34mINFO[m] Results:
[1;34mINFO[m] 
[1;34mINFO[m] [1;32mTests run: 17, Failures: 0, Errors: 0, Skipped: 0[m
[1;34mINFO[m] 
[1;34mINFO[m] 
[1;34mINFO[m] [1m--- [0;32mmaven-jar-plugin:2.4:jar[m [1m(default-jar)[m @ [36mfibonacci-mvn[0;1m ---[m
[1;34mINFO[m] Building jar: /home/tomasz/Documents/workspace/fibonacci/target/fibonacci-mvn.jar
[1;34mINFO[m] 
[1;34mINFO[m] [1m--- [0;32mmaven-assembly-plugin:3.3.0:single[m [1m(default)[m @ [36mfibonacci-mvn[0;1m ---[m
Downloading from central: https://repo.maven.apache.org/maven2/org/apache/maven/wagon/wagon-ssh/maven-metadata.xml
Progress (1): 1.6 kB                    Downloaded from central: https://repo.maven.apache.org/maven2/org/apache/maven/wagon/wagon-ssh/maven-metadata.xml (1.6 kB at 3.0 kB/s)
[1;34mINFO[m] Building jar: /home/tomasz/Documents/workspace/fibonacci/target/fibonacci-mvn-jar-with-dependencies.jar
[1;34mINFO[m] [1m------------------------------------------------------------------------[m
[1;34mINFO[m] [1;32mBUILD SUCCESS[m
[1;34mINFO[m] [1m------------------------------------------------------------------------[m
[1;34mINFO[m] Total time:  17.931 s
[1;34mINFO[m] Finished at: 2022-07-22T19:24:11+02:00
[1;34mINFO[m] [1m------------------------------------------------------------------------[m
fibonacci: 2022-07-22 19:24:12 INFO  JavaApp:9 - ok (java)
/home/tomasz/Documents/workspace/fibonacci
/home/tomasz/Documents/workspace/fibonacci
[1;34mINFO[m] Scanning for projects...
[1;34mINFO[m] 
[1;34mINFO[m] [1m-------------------< [0;36mpl.tomaszgigiel:fibonacci-mvn[0;1m >--------------------[m
[1;34mINFO[m] [1mBuilding fibonacci-mvn 1000-SNAPSHOT[m
[1;34mINFO[m] [1m--------------------------------[ jar ]---------------------------------[m
[1;34mINFO[m] 
[1;34mINFO[m] [1m--- [0;32mmaven-clean-plugin:2.5:clean[m [1m(default-clean)[m @ [36mfibonacci-mvn[0;1m ---[m
[1;34mINFO[m] Deleting /home/tomasz/Documents/workspace/fibonacci/target
[1;34mINFO[m] 
[1;34mINFO[m] [1m--- [0;32mmaven-resources-plugin:2.6:resources[m [1m(default-resources)[m @ [36mfibonacci-mvn[0;1m ---[m
[1;34mINFO[m] Using 'UTF-8' encoding to copy filtered resources.
[1;34mINFO[m] Copying 8 resources
[1;34mINFO[m] 
[1;34mINFO[m] [1m--- [0;32mmaven-compiler-plugin:3.10.1:compile[m [1m(default-compile)[m @ [36mfibonacci-mvn[0;1m ---[m
[1;34mINFO[m] Changes detected - recompiling the module!
[1;34mINFO[m] Compiling 13 source files to /home/tomasz/Documents/workspace/fibonacci/target/classes
[1;34mINFO[m] 
[1;34mINFO[m] [1m--- [0;32mmaven-resources-plugin:2.6:testResources[m [1m(default-testResources)[m @ [36mfibonacci-mvn[0;1m ---[m
[1;34mINFO[m] Using 'UTF-8' encoding to copy filtered resources.
[1;34mINFO[m] Copying 1 resource
[1;34mINFO[m] 
[1;34mINFO[m] [1m--- [0;32mmaven-compiler-plugin:3.10.1:testCompile[m [1m(default-testCompile)[m @ [36mfibonacci-mvn[0;1m ---[m
[1;34mINFO[m] Changes detected - recompiling the module!
[1;34mINFO[m] Compiling 8 source files to /home/tomasz/Documents/workspace/fibonacci/target/test-classes
[1;34mINFO[m] 
[1;34mINFO[m] [1m--- [0;32mmaven-surefire-plugin:3.0.0-M5:test[m [1m(default-test)[m @ [36mfibonacci-mvn[0;1m ---[m
[1;34mINFO[m] 
[1;34mINFO[m] -------------------------------------------------------
[1;34mINFO[m]  T E S T S
[1;34mINFO[m] -------------------------------------------------------
[1;34mINFO[m] Running pl.tomaszgigiel.fibonacci.[1mJBigFibonacciTests[m
[1;34mINFO[m] [1;32mTests run: [0;1;32m4[m, Failures: 0, Errors: 0, Skipped: 0, Time elapsed: 0.108 s - in pl.tomaszgigiel.fibonacci.[1mJBigFibonacciTests[m
[1;34mINFO[m] Running pl.tomaszgigiel.fibonacci.sql.[1mFibonacciNTest[m
[1;34mINFO[m] [1;32mTests run: [0;1;32m1[m, Failures: 0, Errors: 0, Skipped: 0, Time elapsed: 0.499 s - in pl.tomaszgigiel.fibonacci.sql.[1mFibonacciNTest[m
[1;34mINFO[m] Running pl.tomaszgigiel.fibonacci.sql.[1mFibonacci45Test[m
[1;34mINFO[m] [1;32mTests run: [0;1;32m1[m, Failures: 0, Errors: 0, Skipped: 0, Time elapsed: 0.075 s - in pl.tomaszgigiel.fibonacci.sql.[1mFibonacci45Test[m
[1;34mINFO[m] Running pl.tomaszgigiel.fibonacci.[1mSQLBigFibonacciTests[m
[1;34mINFO[m] [1;32mTests run: [0;1;32m4[m, Failures: 0, Errors: 0, Skipped: 0, Time elapsed: 0.073 s - in pl.tomaszgigiel.fibonacci.[1mSQLBigFibonacciTests[m
[1;34mINFO[m] Running pl.tomaszgigiel.fibonacci.others.[1mDbTest[m
fibonacci: 2022-07-22 19:24:23 INFO  DbTest:44 - ok (java)
[1;34mINFO[m] [1;32mTests run: [0;1;32m1[m, Failures: 0, Errors: 0, Skipped: 0, Time elapsed: 0.68 s - in pl.tomaszgigiel.fibonacci.others.[1mDbTest[m
[1;34mINFO[m] Running pl.tomaszgigiel.fibonacci.[1mJavaAppTests[m
[1;34mINFO[m] [1;32mTests run: [0;1;32m1[m, Failures: 0, Errors: 0, Skipped: 0, Time elapsed: 0.005 s - in pl.tomaszgigiel.fibonacci.[1mJavaAppTests[m
[1;34mINFO[m] Running pl.tomaszgigiel.fibonacci.[1mSQLFibonacciTests[m
[1;34mINFO[m] [1;32mTests run: [0;1;32m1[m, Failures: 0, Errors: 0, Skipped: 0, Time elapsed: 1.066 s - in pl.tomaszgigiel.fibonacci.[1mSQLFibonacciTests[m
[1;34mINFO[m] Running pl.tomaszgigiel.fibonacci.[1mJFibonacciTests[m
[1;34mINFO[m] [1;32mTests run: [0;1;32m4[m, Failures: 0, Errors: 0, Skipped: 0, Time elapsed: 0.02 s - in pl.tomaszgigiel.fibonacci.[1mJFibonacciTests[m
[1;34mINFO[m] 
[1;34mINFO[m] Results:
[1;34mINFO[m] 
[1;34mINFO[m] [1;32mTests run: 17, Failures: 0, Errors: 0, Skipped: 0[m
[1;34mINFO[m] 
[1;34mINFO[m] 
[1;34mINFO[m] [1m--- [0;32mmaven-jar-plugin:2.4:jar[m [1m(default-jar)[m @ [36mfibonacci-mvn[0;1m ---[m
[1;34mINFO[m] Building jar: /home/tomasz/Documents/workspace/fibonacci/target/fibonacci-mvn.jar
[1;34mINFO[m] 
[1;34mINFO[m] [1m--- [0;32mmaven-assembly-plugin:3.3.0:single[m [1m(default)[m @ [36mfibonacci-mvn[0;1m ---[m
Downloading from central: https://repo.maven.apache.org/maven2/org/apache/maven/wagon/wagon-ssh/maven-metadata.xml
Progress (1): 1.6 kB                    Downloaded from central: https://repo.maven.apache.org/maven2/org/apache/maven/wagon/wagon-ssh/maven-metadata.xml (1.6 kB at 3.4 kB/s)
[1;34mINFO[m] Building jar: /home/tomasz/Documents/workspace/fibonacci/target/fibonacci-mvn-jar-with-dependencies.jar
[1;34mINFO[m] [1m------------------------------------------------------------------------[m
[1;34mINFO[m] [1;32mBUILD SUCCESS[m
[1;34mINFO[m] [1m------------------------------------------------------------------------[m
[1;34mINFO[m] Total time:  16.751 s
[1;34mINFO[m] Finished at: 2022-07-22T19:24:30+02:00
[1;34mINFO[m] [1m------------------------------------------------------------------------[m
fibonacci: 2022-07-22 19:24:31 INFO  JavaApp:9 - ok (java)
/home/tomasz/Documents/workspace/fibonacci
/home/tomasz/Documents/workspace/fibonacci
[1;34mINFO[m] Scanning for projects...
[1;34mINFO[m] 
[1;34mINFO[m] [1m-------------------< [0;36mpl.tomaszgigiel:fibonacci-mvn[0;1m >--------------------[m
[1;34mINFO[m] [1mBuilding fibonacci-mvn 1000-SNAPSHOT[m
[1;34mINFO[m] [1m--------------------------------[ jar ]---------------------------------[m
[1;34mINFO[m] 
[1;34mINFO[m] [1m--- [0;32mmaven-clean-plugin:2.5:clean[m [1m(default-clean)[m @ [36mfibonacci-mvn[0;1m ---[m
[1;34mINFO[m] Deleting /home/tomasz/Documents/workspace/fibonacci/target
[1;34mINFO[m] 
[1;34mINFO[m] [1m--- [0;32mmaven-resources-plugin:2.6:resources[m [1m(default-resources)[m @ [36mfibonacci-mvn[0;1m ---[m
[1;34mINFO[m] Using 'UTF-8' encoding to copy filtered resources.
[1;34mINFO[m] Copying 8 resources
[1;34mINFO[m] 
[1;34mINFO[m] [1m--- [0;32mmaven-compiler-plugin:3.10.1:compile[m [1m(default-compile)[m @ [36mfibonacci-mvn[0;1m ---[m
[1;34mINFO[m] Changes detected - recompiling the module!
[1;34mINFO[m] Compiling 13 source files to /home/tomasz/Documents/workspace/fibonacci/target/classes
[1;34mINFO[m] 
[1;34mINFO[m] [1m--- [0;32mmaven-resources-plugin:2.6:testResources[m [1m(default-testResources)[m @ [36mfibonacci-mvn[0;1m ---[m
[1;34mINFO[m] Using 'UTF-8' encoding to copy filtered resources.
[1;34mINFO[m] Copying 1 resource
[1;34mINFO[m] 
[1;34mINFO[m] [1m--- [0;32mmaven-compiler-plugin:3.10.1:testCompile[m [1m(default-testCompile)[m @ [36mfibonacci-mvn[0;1m ---[m
[1;34mINFO[m] Changes detected - recompiling the module!
[1;34mINFO[m] Compiling 8 source files to /home/tomasz/Documents/workspace/fibonacci/target/test-classes
[1;34mINFO[m] 
[1;34mINFO[m] [1m--- [0;32mmaven-surefire-plugin:3.0.0-M5:test[m [1m(default-test)[m @ [36mfibonacci-mvn[0;1m ---[m
[1;34mINFO[m] 
[1;34mINFO[m] -------------------------------------------------------
[1;34mINFO[m]  T E S T S
[1;34mINFO[m] -------------------------------------------------------
[1;34mINFO[m] Running pl.tomaszgigiel.fibonacci.[1mJBigFibonacciTests[m
[1;34mINFO[m] [1;32mTests run: [0;1;32m4[m, Failures: 0, Errors: 0, Skipped: 0, Time elapsed: 0.107 s - in pl.tomaszgigiel.fibonacci.[1mJBigFibonacciTests[m
[1;34mINFO[m] Running pl.tomaszgigiel.fibonacci.sql.[1mFibonacciNTest[m
[1;34mINFO[m] [1;32mTests run: [0;1;32m1[m, Failures: 0, Errors: 0, Skipped: 0, Time elapsed: 0.574 s - in pl.tomaszgigiel.fibonacci.sql.[1mFibonacciNTest[m
[1;34mINFO[m] Running pl.tomaszgigiel.fibonacci.sql.[1mFibonacci45Test[m
[1;34mINFO[m] [1;32mTests run: [0;1;32m1[m, Failures: 0, Errors: 0, Skipped: 0, Time elapsed: 0.07 s - in pl.tomaszgigiel.fibonacci.sql.[1mFibonacci45Test[m
[1;34mINFO[m] Running pl.tomaszgigiel.fibonacci.[1mSQLBigFibonacciTests[m
[1;34mINFO[m] [1;32mTests run: [0;1;32m4[m, Failures: 0, Errors: 0, Skipped: 0, Time elapsed: 0.039 s - in pl.tomaszgigiel.fibonacci.[1mSQLBigFibonacciTests[m
[1;34mINFO[m] Running pl.tomaszgigiel.fibonacci.others.[1mDbTest[m
fibonacci: 2022-07-22 19:24:43 INFO  DbTest:44 - ok (java)
[1;34mINFO[m] [1;32mTests run: [0;1;32m1[m, Failures: 0, Errors: 0, Skipped: 0, Time elapsed: 0.694 s - in pl.tomaszgigiel.fibonacci.others.[1mDbTest[m
[1;34mINFO[m] Running pl.tomaszgigiel.fibonacci.[1mJavaAppTests[m
[1;34mINFO[m] [1;32mTests run: [0;1;32m1[m, Failures: 0, Errors: 0, Skipped: 0, Time elapsed: 0.003 s - in pl.tomaszgigiel.fibonacci.[1mJavaAppTests[m
[1;34mINFO[m] Running pl.tomaszgigiel.fibonacci.[1mSQLFibonacciTests[m
[1;34mINFO[m] [1;32mTests run: [0;1;32m1[m, Failures: 0, Errors: 0, Skipped: 0, Time elapsed: 0.912 s - in pl.tomaszgigiel.fibonacci.[1mSQLFibonacciTests[m
[1;34mINFO[m] Running pl.tomaszgigiel.fibonacci.[1mJFibonacciTests[m
[1;34mINFO[m] [1;32mTests run: [0;1;32m4[m, Failures: 0, Errors: 0, Skipped: 0, Time elapsed: 0.023 s - in pl.tomaszgigiel.fibonacci.[1mJFibonacciTests[m
[1;34mINFO[m] 
[1;34mINFO[m] Results:
[1;34mINFO[m] 
[1;34mINFO[m] [1;32mTests run: 17, Failures: 0, Errors: 0, Skipped: 0[m
[1;34mINFO[m] 
[1;34mINFO[m] 
[1;34mINFO[m] [1m--- [0;32mmaven-jar-plugin:2.4:jar[m [1m(default-jar)[m @ [36mfibonacci-mvn[0;1m ---[m
[1;34mINFO[m] Building jar: /home/tomasz/Documents/workspace/fibonacci/target/fibonacci-mvn.jar
[1;34mINFO[m] 
[1;34mINFO[m] [1m--- [0;32mmaven-assembly-plugin:3.3.0:single[m [1m(default)[m @ [36mfibonacci-mvn[0;1m ---[m
Downloading from central: https://repo.maven.apache.org/maven2/org/apache/maven/wagon/wagon-ssh/maven-metadata.xml
Progress (1): 1.6 kB                    Downloaded from central: https://repo.maven.apache.org/maven2/org/apache/maven/wagon/wagon-ssh/maven-metadata.xml (1.6 kB at 3.1 kB/s)
[1;34mINFO[m] Building jar: /home/tomasz/Documents/workspace/fibonacci/target/fibonacci-mvn-jar-with-dependencies.jar
[1;34mINFO[m] [1m------------------------------------------------------------------------[m
[1;34mINFO[m] [1;32mBUILD SUCCESS[m
[1;34mINFO[m] [1m------------------------------------------------------------------------[m
[1;34mINFO[m] Total time:  16.661 s
[1;34mINFO[m] Finished at: 2022-07-22T19:24:49+02:00
[1;34mINFO[m] [1m------------------------------------------------------------------------[m
/home/tomasz/Documents/workspace/fibonacci
/home/tomasz/Documents/workspace/fibonacci
[info] welcome to sbt 1.6.2 (Oracle Corporation Java 17.0.2)
[info] loading global plugins from /home/tomasz/.sbt/1.0/plugins

  | => global-plugins / otherResolvers 0s

  | => global-plugins / dependencyPositions 0s
  | => global-plugins / otherResolvers 0s

  | => global-plugins / dependencyPositions 0s
  | => global-plugins / otherResolvers 0s

  | => global-plugins / dependencyPositions 0s
  | => global-plugins / otherResolvers 0s


  | => global-plugins / Compile / compileIncremental 0s


  | => <anon-4c777e7b> 0s
[info] loading settings for project fibonacci-build from plugins.sbt ...
[info] loading project definition from /home/tomasz/Documents/workspace/fibonacci/project

  | => fibonacci-build / update 0s
[info] loading settings for project root from build.sbt ...
[info] set current project to fibonacci-sbt (in build file:/home/tomasz/Documents/workspace/fibonacci/)
[info] Executing in batch mode. For better performance use sbt's shell
[32msuccess] Total time: 0 s, completed Jul 22, 2022, 7:24:59 PM

  | => root / update 0s

  | => root / scalaCompilerBridgeBinaryJar 0s
  | => root / update 0s

  | => root / scalaCompilerBridgeBinaryJar 1s
  | => root / update 1s

  | => root / scalaCompilerBridgeBinaryJar 1s
  | => root / update 1s

  | => root / scalaCompilerBridgeBinaryJar 2s
  | => root / update 2s


  | => root / update 3s


  | => root / Compile / compileIncremental 0s
[info] compiling 1 Scala source and 13 Java sources to /home/tomasz/Documents/workspace/fibonacci/target/scala-3.1.2/classes ...

  | => root / Compile / compileIncremental 0s

  | => root / Compile / compileIncremental 0s

  | => root / Compile / compileIncremental 1s

  | => root / Compile / compileIncremental 2s

  | => root / Compile / compileIncremental 3s

  | => root / Compile / compileIncremental 4s

  | => root / Compile / compileIncremental 5s

  | => root / Compile / compileIncremental 6s

  | => root / Compile / compileIncremental 7s

  | => root / Compile / compileIncremental 8s

  | => root / Compile / compileIncremental 9s

  | => root / Compile / compileIncremental 10s
[33mwarn] Could not determine source for class pl.tomaszgigiel.fibonacci.microbenchmarking.jmh_generated.SQLBigFibonacciApp_binet_jmhTest

  | => root / Compile / compileIncremental 10s
[33mwarn] Could not determine source for class pl.tomaszgigiel.fibonacci.microbenchmarking.jmh_generated.JBigFibonacciApp_jmhType

  | => root / Compile / compileIncremental 10s
[33mwarn] Could not determine source for class pl.tomaszgigiel.fibonacci.microbenchmarking.jmh_generated.SQLBigFibonacciApp_iterative_jmhTest

  | => root / Compile / compileIncremental 10s
[33mwarn] Could not determine source for class pl.tomaszgigiel.fibonacci.microbenchmarking.jmh_generated.JBigFibonacciApp_matrix_jmhTest

  | => root / Compile / compileIncremental 10s
[33mwarn] Could not determine source for class pl.tomaszgigiel.fibonacci.microbenchmarking.jmh_generated.JFibonacciApp_recursive_jmhTest

  | => root / Compile / compileIncremental 10s
[33mwarn] Could not determine source for class pl.tomaszgigiel.fibonacci.microbenchmarking.jmh_generated.SQLBigFibonacciApp_jmhType_B3

  | => root / Compile / compileIncremental 10s
[33mwarn] Could not determine source for class pl.tomaszgigiel.fibonacci.microbenchmarking.jmh_generated.SQLBigFibonacciApp_matrix_jmhTest

  | => root / Compile / compileIncremental 10s
[33mwarn] Could not determine source for class pl.tomaszgigiel.fibonacci.microbenchmarking.jmh_generated.SQLBigFibonacciApp_jmhType_B1

  | => root / Compile / compileIncremental 10s
[33mwarn] Could not determine source for class pl.tomaszgigiel.fibonacci.microbenchmarking.jmh_generated.JBigFibonacciApp_recursive_jmhTest

  | => root / Compile / compileIncremental 10s
[33mwarn] Could not determine source for class pl.tomaszgigiel.fibonacci.microbenchmarking.jmh_generated.SQLBigFibonacciApp_jmhType_B2

  | => root / Compile / compileIncremental 10s
[33mwarn] Could not determine source for class pl.tomaszgigiel.fibonacci.microbenchmarking.jmh_generated.SQLBigFibonacciApp_jmhType

  | => root / Compile / compileIncremental 10s
[33mwarn] Could not determine source for class pl.tomaszgigiel.fibonacci.microbenchmarking.jmh_generated.SQLFibonacciApp_jmhType_B3

  | => root / Compile / compileIncremental 10s
[33mwarn] Could not determine source for class pl.tomaszgigiel.fibonacci.microbenchmarking.jmh_generated.JFibonacciApp_matrix_jmhTest

  | => root / Compile / compileIncremental 10s
[33mwarn] Could not determine source for class pl.tomaszgigiel.fibonacci.microbenchmarking.jmh_generated.JBigFibonacciApp_jmhType_B2

  | => root / Compile / compileIncremental 10s
[33mwarn] Could not determine source for class pl.tomaszgigiel.fibonacci.microbenchmarking.jmh_generated.JBigFibonacciApp_jmhType_B3

  | => root / Compile / compileIncremental 10s
[33mwarn] Could not determine source for class pl.tomaszgigiel.fibonacci.microbenchmarking.jmh_generated.JFibonacciApp_iterative_jmhTest

  | => root / Compile / compileIncremental 10s
[33mwarn] Could not determine source for class pl.tomaszgigiel.fibonacci.microbenchmarking.jmh_generated.SQLFibonacciApp_jmhType_B2

  | => root / Compile / compileIncremental 10s
[33mwarn] Could not determine source for class pl.tomaszgigiel.fibonacci.microbenchmarking.jmh_generated.JBigFibonacciApp_jmhType_B1

  | => root / Compile / compileIncremental 10s
[33mwarn] Could not determine source for class pl.tomaszgigiel.fibonacci.microbenchmarking.jmh_generated.SQLBigFibonacciApp_recursive_jmhTest

  | => root / Compile / compileIncremental 10s
[33mwarn] Could not determine source for class pl.tomaszgigiel.fibonacci.microbenchmarking.jmh_generated.SQLFibonacciApp_jmhType_B1

  | => root / Compile / compileIncremental 10s
[33mwarn] Could not determine source for class pl.tomaszgigiel.fibonacci.microbenchmarking.jmh_generated.JFibonacciApp_binet_jmhTest

  | => root / Compile / compileIncremental 10s
[33mwarn] Could not determine source for class pl.tomaszgigiel.fibonacci.microbenchmarking.jmh_generated.JFibonacciApp_jmhType_B3

  | => root / Compile / compileIncremental 10s
[33mwarn] Could not determine source for class pl.tomaszgigiel.fibonacci.microbenchmarking.jmh_generated.SQLFibonacciApp_jmhType

  | => root / Compile / compileIncremental 10s
[33mwarn] Could not determine source for class pl.tomaszgigiel.fibonacci.microbenchmarking.jmh_generated.JBigFibonacciApp_binet_jmhTest

  | => root / Compile / compileIncremental 10s
[33mwarn] Could not determine source for class pl.tomaszgigiel.fibonacci.microbenchmarking.jmh_generated.JBigFibonacciApp_iterative_jmhTest

  | => root / Compile / compileIncremental 10s
[33mwarn] Could not determine source for class pl.tomaszgigiel.fibonacci.microbenchmarking.jmh_generated.JFibonacciApp_jmhType_B1

  | => root / Compile / compileIncremental 10s
[33mwarn] Could not determine source for class pl.tomaszgigiel.fibonacci.microbenchmarking.jmh_generated.SQLFibonacciApp_select_jmhTest

  | => root / Compile / compileIncremental 10s
[33mwarn] Could not determine source for class pl.tomaszgigiel.fibonacci.microbenchmarking.jmh_generated.JFibonacciApp_jmhType_B2

  | => root / Compile / compileIncremental 10s
[33mwarn] Could not determine source for class pl.tomaszgigiel.fibonacci.microbenchmarking.jmh_generated.JFibonacciApp_jmhType

  | => root / Compile / compileIncremental 10s

  | => root / Compile / compile 0s
[32msuccess] Total time: 16 s, completed Jul 22, 2022, 7:25:15 PM
/home/tomasz/Documents/workspace/fibonacci
/home/tomasz/Documents/workspace/fibonacci
[info] welcome to sbt 1.6.2 (Oracle Corporation Java 17.0.2)
[info] loading global plugins from /home/tomasz/.sbt/1.0/plugins

  | => global-plugins / otherResolvers 0s

  | => global-plugins / dependencyPositions 0s
  | => global-plugins / otherResolvers 0s

  | => global-plugins / dependencyPositions 0s
  | => global-plugins / otherResolvers 0s


  | => global-plugins / update 0s


  | => <anon-5ef6fd7f> 0s
[info] loading settings for project fibonacci-build from plugins.sbt ...
[info] loading project definition from /home/tomasz/Documents/workspace/fibonacci/project

  | => fibonacci-build / update 0s
[info] loading settings for project root from build.sbt ...
[info] set current project to fibonacci-sbt (in build file:/home/tomasz/Documents/workspace/fibonacci/)
[32msuccess] Total time: 0 s, completed Jul 22, 2022, 7:25:26 PM

  | => root / update 0s

  | => root / scalaCompilerBridgeBinaryJar 0s
  | => root / update 0s

  | => root / scalaCompilerBridgeBinaryJar 1s
  | => root / update 1s

  | => root / scalaCompilerBridgeBinaryJar 2s
  | => root / update 2s


  | => root / Compile / compileIncremental 0s
[info] compiling 1 Scala source and 13 Java sources to /home/tomasz/Documents/workspace/fibonacci/target/scala-3.1.2/classes ...

  | => root / Compile / compileIncremental 0s

  | => root / Compile / compileIncremental 0s

  | => root / Compile / compileIncremental 1s

  | => root / Compile / compileIncremental 2s

  | => root / Compile / compileIncremental 3s

  | => root / Compile / compileIncremental 4s

  | => root / Compile / compileIncremental 5s

  | => root / Compile / compileIncremental 6s

  | => root / Compile / compileIncremental 7s

  | => root / Compile / compileIncremental 8s

  | => root / Compile / compileIncremental 9s

  | => root / Compile / compileIncremental 10s
[33mwarn] Could not determine source for class pl.tomaszgigiel.fibonacci.microbenchmarking.jmh_generated.SQLBigFibonacciApp_binet_jmhTest

  | => root / Compile / compileIncremental 10s
[33mwarn] Could not determine source for class pl.tomaszgigiel.fibonacci.microbenchmarking.jmh_generated.JBigFibonacciApp_jmhType

  | => root / Compile / compileIncremental 10s
[33mwarn] Could not determine source for class pl.tomaszgigiel.fibonacci.microbenchmarking.jmh_generated.SQLBigFibonacciApp_iterative_jmhTest

  | => root / Compile / compileIncremental 10s
[33mwarn] Could not determine source for class pl.tomaszgigiel.fibonacci.microbenchmarking.jmh_generated.JBigFibonacciApp_matrix_jmhTest

  | => root / Compile / compileIncremental 10s
[33mwarn] Could not determine source for class pl.tomaszgigiel.fibonacci.microbenchmarking.jmh_generated.JFibonacciApp_recursive_jmhTest

  | => root / Compile / compileIncremental 10s
[33mwarn] Could not determine source for class pl.tomaszgigiel.fibonacci.microbenchmarking.jmh_generated.SQLBigFibonacciApp_jmhType_B3

  | => root / Compile / compileIncremental 10s
[33mwarn] Could not determine source for class pl.tomaszgigiel.fibonacci.microbenchmarking.jmh_generated.SQLBigFibonacciApp_matrix_jmhTest

  | => root / Compile / compileIncremental 10s
[33mwarn] Could not determine source for class pl.tomaszgigiel.fibonacci.microbenchmarking.jmh_generated.SQLBigFibonacciApp_jmhType_B1

  | => root / Compile / compileIncremental 10s
[33mwarn] Could not determine source for class pl.tomaszgigiel.fibonacci.microbenchmarking.jmh_generated.JBigFibonacciApp_recursive_jmhTest

  | => root / Compile / compileIncremental 10s
[33mwarn] Could not determine source for class pl.tomaszgigiel.fibonacci.microbenchmarking.jmh_generated.SQLBigFibonacciApp_jmhType_B2

  | => root / Compile / compileIncremental 10s
[33mwarn] Could not determine source for class pl.tomaszgigiel.fibonacci.microbenchmarking.jmh_generated.SQLBigFibonacciApp_jmhType

  | => root / Compile / compileIncremental 10s
[33mwarn] Could not determine source for class pl.tomaszgigiel.fibonacci.microbenchmarking.jmh_generated.SQLFibonacciApp_jmhType_B3

  | => root / Compile / compileIncremental 10s
[33mwarn] Could not determine source for class pl.tomaszgigiel.fibonacci.microbenchmarking.jmh_generated.JFibonacciApp_matrix_jmhTest

  | => root / Compile / compileIncremental 10s
[33mwarn] Could not determine source for class pl.tomaszgigiel.fibonacci.microbenchmarking.jmh_generated.JBigFibonacciApp_jmhType_B2

  | => root / Compile / compileIncremental 10s
[33mwarn] Could not determine source for class pl.tomaszgigiel.fibonacci.microbenchmarking.jmh_generated.JBigFibonacciApp_jmhType_B3

  | => root / Compile / compileIncremental 10s
[33mwarn] Could not determine source for class pl.tomaszgigiel.fibonacci.microbenchmarking.jmh_generated.JFibonacciApp_iterative_jmhTest

  | => root / Compile / compileIncremental 10s
[33mwarn] Could not determine source for class pl.tomaszgigiel.fibonacci.microbenchmarking.jmh_generated.SQLFibonacciApp_jmhType_B2

  | => root / Compile / compileIncremental 10s
[33mwarn] Could not determine source for class pl.tomaszgigiel.fibonacci.microbenchmarking.jmh_generated.JBigFibonacciApp_jmhType_B1

  | => root / Compile / compileIncremental 10s
[33mwarn] Could not determine source for class pl.tomaszgigiel.fibonacci.microbenchmarking.jmh_generated.SQLBigFibonacciApp_recursive_jmhTest

  | => root / Compile / compileIncremental 10s
[33mwarn] Could not determine source for class pl.tomaszgigiel.fibonacci.microbenchmarking.jmh_generated.SQLFibonacciApp_jmhType_B1

  | => root / Compile / compileIncremental 10s
[33mwarn] Could not determine source for class pl.tomaszgigiel.fibonacci.microbenchmarking.jmh_generated.JFibonacciApp_binet_jmhTest

  | => root / Compile / compileIncremental 10s
[33mwarn] Could not determine source for class pl.tomaszgigiel.fibonacci.microbenchmarking.jmh_generated.JFibonacciApp_jmhType_B3

  | => root / Compile / compileIncremental 10s
[33mwarn] Could not determine source for class pl.tomaszgigiel.fibonacci.microbenchmarking.jmh_generated.SQLFibonacciApp_jmhType

  | => root / Compile / compileIncremental 10s
[33mwarn] Could not determine source for class pl.tomaszgigiel.fibonacci.microbenchmarking.jmh_generated.JBigFibonacciApp_binet_jmhTest

  | => root / Compile / compileIncremental 10s
[33mwarn] Could not determine source for class pl.tomaszgigiel.fibonacci.microbenchmarking.jmh_generated.JBigFibonacciApp_iterative_jmhTest

  | => root / Compile / compileIncremental 10s
[33mwarn] Could not determine source for class pl.tomaszgigiel.fibonacci.microbenchmarking.jmh_generated.JFibonacciApp_jmhType_B1

  | => root / Compile / compileIncremental 10s
[33mwarn] Could not determine source for class pl.tomaszgigiel.fibonacci.microbenchmarking.jmh_generated.SQLFibonacciApp_select_jmhTest

  | => root / Compile / compileIncremental 10s
[33mwarn] Could not determine source for class pl.tomaszgigiel.fibonacci.microbenchmarking.jmh_generated.JFibonacciApp_jmhType_B2

  | => root / Compile / compileIncremental 10s
[33mwarn] Could not determine source for class pl.tomaszgigiel.fibonacci.microbenchmarking.jmh_generated.JFibonacciApp_jmhType

  | => root / Compile / compileIncremental 10s

  | => root / Compile / compileIncremental 11s
[info] compiling 1 Scala source and 8 Java sources to /home/tomasz/Documents/workspace/fibonacci/target/scala-3.1.2/test-classes ...

  | => root / Compile / compileIncremental 11s

  | => root / Test / dependencyClasspathFiles / outputFileStamps 0s

  | => root / Test / compileIncremental 1s

  | => root / Test / compileIncremental 2s

  | => root / Test / compileIncremental 3s

  | => root / Test / loadedTestFrameworks 0s
[info] [32mScalaAppSuite:

  | => root / Test / loadedTestFrameworks 0s
[info] [32m- ok

  | => root / Test / loadedTestFrameworks 0s
[info] [36mRun completed in 488 milliseconds.

  | => root / Test / loadedTestFrameworks 0s
[info] [36mTotal number of tests run: 1

  | => root / Test / loadedTestFrameworks 0s
[info] [36mSuites: completed 1, aborted 0

  | => root / Test / loadedTestFrameworks 0s
[info] [36mTests: succeeded 1, failed 0, canceled 0, ignored 0, pending 0

  | => root / Test / loadedTestFrameworks 0s
[info] [32mAll tests passed.

  | => root / Test / loadedTestFrameworks 0s
[32msuccess] Total time: 20 s, completed Jul 22, 2022, 7:25:46 PM
[info] [32mScalaAppSuite:
[info] [32m- ok
[info] [36mRun completed in 146 milliseconds.
[info] [36mTotal number of tests run: 1
[info] [36mSuites: completed 1, aborted 0
[info] [36mTests: succeeded 1, failed 0, canceled 0, ignored 0, pending 0
[info] [32mAll tests passed.
[32msuccess] Total time: 1 s, completed Jul 22, 2022, 7:25:47 PM
/home/tomasz/Documents/workspace/fibonacci
/home/tomasz/Documents/workspace/fibonacci
[info] welcome to sbt 1.6.2 (Oracle Corporation Java 17.0.2)
[info] loading global plugins from /home/tomasz/.sbt/1.0/plugins

  | => global-plugins / otherResolvers 0s

  | => global-plugins / dependencyPositions 0s
  | => global-plugins / otherResolvers 0s

  | => global-plugins / dependencyPositions 0s
  | => global-plugins / otherResolvers 0s

  | => global-plugins / dependencyPositions 0s
  | => global-plugins / otherResolvers 0s


  | => global-plugins / dependencyPositions 0s


  | => global-plugins / Compile / compileIncremental 0s


  | => <anon-292158f8> 0s
[info] loading settings for project fibonacci-build from plugins.sbt ...
[info] loading project definition from /home/tomasz/Documents/workspace/fibonacci/project

  | => fibonacci-build / update 0s
[info] loading settings for project root from build.sbt ...
[info] set current project to fibonacci-sbt (in build file:/home/tomasz/Documents/workspace/fibonacci/)
[32msuccess] Total time: 0 s, completed Jul 22, 2022, 7:25:58 PM

  | => root / dependencyPositions 0s

  | => root / scalaCompilerBridgeBinaryJar 0s
  | => root / update 0s

  | => root / scalaCompilerBridgeBinaryJar 1s
  | => root / update 1s

  | => root / scalaCompilerBridgeBinaryJar 2s
  | => root / update 2s

  | => root / scalaCompilerBridgeBinaryJar 2s
  | => root / update 2s


  | => root / update 3s


  | => root / Compile / compileIncremental 0s
[info] compiling 1 Scala source and 13 Java sources to /home/tomasz/Documents/workspace/fibonacci/target/scala-3.1.2/classes ...

  | => root / Compile / compileIncremental 0s

  | => root / Compile / compileIncremental 0s

  | => root / Compile / compileIncremental 1s

  | => root / Compile / compileIncremental 2s

  | => root / Compile / compileIncremental 3s

  | => root / Compile / compileIncremental 4s

  | => root / Compile / compileIncremental 5s

  | => root / Compile / compileIncremental 6s

  | => root / Compile / compileIncremental 7s

  | => root / Compile / compileIncremental 8s

  | => root / Compile / compileIncremental 9s
[33mwarn] Could not determine source for class pl.tomaszgigiel.fibonacci.microbenchmarking.jmh_generated.SQLBigFibonacciApp_binet_jmhTest

  | => root / Compile / compileIncremental 9s
[33mwarn] Could not determine source for class pl.tomaszgigiel.fibonacci.microbenchmarking.jmh_generated.JBigFibonacciApp_jmhType

  | => root / Compile / compileIncremental 9s
[33mwarn] Could not determine source for class pl.tomaszgigiel.fibonacci.microbenchmarking.jmh_generated.SQLBigFibonacciApp_iterative_jmhTest

  | => root / Compile / compileIncremental 9s
[33mwarn] Could not determine source for class pl.tomaszgigiel.fibonacci.microbenchmarking.jmh_generated.JBigFibonacciApp_matrix_jmhTest

  | => root / Compile / compileIncremental 9s
[33mwarn] Could not determine source for class pl.tomaszgigiel.fibonacci.microbenchmarking.jmh_generated.JFibonacciApp_recursive_jmhTest

  | => root / Compile / compileIncremental 9s
[33mwarn] Could not determine source for class pl.tomaszgigiel.fibonacci.microbenchmarking.jmh_generated.SQLBigFibonacciApp_jmhType_B3

  | => root / Compile / compileIncremental 9s
[33mwarn] Could not determine source for class pl.tomaszgigiel.fibonacci.microbenchmarking.jmh_generated.SQLBigFibonacciApp_matrix_jmhTest

  | => root / Compile / compileIncremental 9s
[33mwarn] Could not determine source for class pl.tomaszgigiel.fibonacci.microbenchmarking.jmh_generated.SQLBigFibonacciApp_jmhType_B1

  | => root / Compile / compileIncremental 9s
[33mwarn] Could not determine source for class pl.tomaszgigiel.fibonacci.microbenchmarking.jmh_generated.JBigFibonacciApp_recursive_jmhTest

  | => root / Compile / compileIncremental 9s
[33mwarn] Could not determine source for class pl.tomaszgigiel.fibonacci.microbenchmarking.jmh_generated.SQLBigFibonacciApp_jmhType_B2

  | => root / Compile / compileIncremental 9s
[33mwarn] Could not determine source for class pl.tomaszgigiel.fibonacci.microbenchmarking.jmh_generated.SQLBigFibonacciApp_jmhType

  | => root / Compile / compileIncremental 9s
[33mwarn] Could not determine source for class pl.tomaszgigiel.fibonacci.microbenchmarking.jmh_generated.SQLFibonacciApp_jmhType_B3

  | => root / Compile / compileIncremental 9s
[33mwarn] Could not determine source for class pl.tomaszgigiel.fibonacci.microbenchmarking.jmh_generated.JFibonacciApp_matrix_jmhTest

  | => root / Compile / compileIncremental 9s
[33mwarn] Could not determine source for class pl.tomaszgigiel.fibonacci.microbenchmarking.jmh_generated.JBigFibonacciApp_jmhType_B2

  | => root / Compile / compileIncremental 9s
[33mwarn] Could not determine source for class pl.tomaszgigiel.fibonacci.microbenchmarking.jmh_generated.JBigFibonacciApp_jmhType_B3

  | => root / Compile / compileIncremental 9s
[33mwarn] Could not determine source for class pl.tomaszgigiel.fibonacci.microbenchmarking.jmh_generated.JFibonacciApp_iterative_jmhTest

  | => root / Compile / compileIncremental 9s
[33mwarn] Could not determine source for class pl.tomaszgigiel.fibonacci.microbenchmarking.jmh_generated.SQLFibonacciApp_jmhType_B2

  | => root / Compile / compileIncremental 9s
[33mwarn] Could not determine source for class pl.tomaszgigiel.fibonacci.microbenchmarking.jmh_generated.JBigFibonacciApp_jmhType_B1

  | => root / Compile / compileIncremental 9s
[33mwarn] Could not determine source for class pl.tomaszgigiel.fibonacci.microbenchmarking.jmh_generated.SQLBigFibonacciApp_recursive_jmhTest

  | => root / Compile / compileIncremental 9s
[33mwarn] Could not determine source for class pl.tomaszgigiel.fibonacci.microbenchmarking.jmh_generated.SQLFibonacciApp_jmhType_B1

  | => root / Compile / compileIncremental 9s
[33mwarn] Could not determine source for class pl.tomaszgigiel.fibonacci.microbenchmarking.jmh_generated.JFibonacciApp_binet_jmhTest

  | => root / Compile / compileIncremental 9s
[33mwarn] Could not determine source for class pl.tomaszgigiel.fibonacci.microbenchmarking.jmh_generated.JFibonacciApp_jmhType_B3

  | => root / Compile / compileIncremental 9s
[33mwarn] Could not determine source for class pl.tomaszgigiel.fibonacci.microbenchmarking.jmh_generated.SQLFibonacciApp_jmhType

  | => root / Compile / compileIncremental 9s
[33mwarn] Could not determine source for class pl.tomaszgigiel.fibonacci.microbenchmarking.jmh_generated.JBigFibonacciApp_binet_jmhTest

  | => root / Compile / compileIncremental 9s
[33mwarn] Could not determine source for class pl.tomaszgigiel.fibonacci.microbenchmarking.jmh_generated.JBigFibonacciApp_iterative_jmhTest

  | => root / Compile / compileIncremental 9s
[33mwarn] Could not determine source for class pl.tomaszgigiel.fibonacci.microbenchmarking.jmh_generated.JFibonacciApp_jmhType_B1

  | => root / Compile / compileIncremental 9s
[33mwarn] Could not determine source for class pl.tomaszgigiel.fibonacci.microbenchmarking.jmh_generated.SQLFibonacciApp_select_jmhTest

  | => root / Compile / compileIncremental 9s
[33mwarn] Could not determine source for class pl.tomaszgigiel.fibonacci.microbenchmarking.jmh_generated.JFibonacciApp_jmhType_B2

  | => root / Compile / compileIncremental 9s
[33mwarn] Could not determine source for class pl.tomaszgigiel.fibonacci.microbenchmarking.jmh_generated.JFibonacciApp_jmhType

  | => root / Compile / compileIncremental 9s

  | => root / Compile / compileIncremental 10s
[info] compiling 1 Scala source and 8 Java sources to /home/tomasz/Documents/workspace/fibonacci/target/scala-3.1.2/test-classes ...

  | => root / Test / dependencyClasspathFiles / outputFileStamps 0s

  | => root / Test / compileIncremental 1s

  | => root / Test / compileIncremental 2s

  | => root / Test / compileIncremental 3s

  | => root / Test / loadedTestFrameworks 0s

  | => pl.tomaszgigiel.fibonacci.ScalaAppSuite 0s
[info] [32mScalaAppSuite:

  | => pl.tomaszgigiel.fibonacci.ScalaAppSuite 0s
[info] [32m- ok

  | => pl.tomaszgigiel.fibonacci.ScalaAppSuite 0s
[info] [36mRun completed in 565 milliseconds.

  | => pl.tomaszgigiel.fibonacci.ScalaAppSuite 0s
[info] [36mTotal number of tests run: 1

  | => pl.tomaszgigiel.fibonacci.ScalaAppSuite 0s
[info] [36mSuites: completed 1, aborted 0

  | => pl.tomaszgigiel.fibonacci.ScalaAppSuite 0s
[info] [36mTests: succeeded 1, failed 0, canceled 0, ignored 0, pending 0

  | => pl.tomaszgigiel.fibonacci.ScalaAppSuite 0s
[info] [32mAll tests passed.

  | => pl.tomaszgigiel.fibonacci.ScalaAppSuite 0s
[32msuccess] Total time: 21 s, completed Jul 22, 2022, 7:26:18 PM
/home/tomasz/Documents/workspace/fibonacci
/home/tomasz/Documents/workspace/fibonacci
[info] welcome to sbt 1.6.2 (Oracle Corporation Java 17.0.2)
[info] loading global plugins from /home/tomasz/.sbt/1.0/plugins

  | => global-plugins / otherResolvers 0s

  | => global-plugins / dependencyPositions 0s
  | => global-plugins / otherResolvers 0s

  | => global-plugins / dependencyPositions 0s
  | => global-plugins / otherResolvers 0s

  | => global-plugins / dependencyPositions 0s
  | => global-plugins / otherResolvers 0s

  | => global-plugins / dependencyPositions 0s
  | => global-plugins / otherResolvers 0s


  | => global-plugins / Compile / compileIncremental 0s


  | => <anon-6944e53e> 0s
[info] loading settings for project fibonacci-build from plugins.sbt ...
[info] loading project definition from /home/tomasz/Documents/workspace/fibonacci/project

  | => fibonacci-build / update 0s
[info] loading settings for project root from build.sbt ...
[info] set current project to fibonacci-sbt (in build file:/home/tomasz/Documents/workspace/fibonacci/)
[32msuccess] Total time: 0 s, completed Jul 22, 2022, 7:26:30 PM

  | => root / update 0s

  | => root / scalaCompilerBridgeBinaryJar 0s
  | => root / update 0s

  | => root / scalaCompilerBridgeBinaryJar 1s
  | => root / update 1s

  | => root / scalaCompilerBridgeBinaryJar 2s
  | => root / update 2s
[info] compiling 1 Scala source and 13 Java sources to /home/tomasz/Documents/workspace/fibonacci/target/scala-3.1.2/classes ...

  | => root / Compile / compileIncremental 0s

  | => root / Compile / compileIncremental 0s

  | => root / Compile / compileIncremental 1s

  | => root / Compile / compileIncremental 2s

  | => root / Compile / compileIncremental 3s

  | => root / Compile / compileIncremental 4s

  | => root / Compile / compileIncremental 5s

  | => root / Compile / compileIncremental 6s

  | => root / Compile / compileIncremental 7s

  | => root / Compile / compileIncremental 8s

  | => root / Compile / compileIncremental 9s

  | => root / Compile / compileIncremental 10s

  | => root / Compile / compileIncremental 11s
[33mwarn] Could not determine source for class pl.tomaszgigiel.fibonacci.microbenchmarking.jmh_generated.SQLBigFibonacciApp_binet_jmhTest

  | => root / Compile / compileIncremental 11s
[33mwarn] Could not determine source for class pl.tomaszgigiel.fibonacci.microbenchmarking.jmh_generated.JBigFibonacciApp_jmhType

  | => root / Compile / compileIncremental 11s
[33mwarn] Could not determine source for class pl.tomaszgigiel.fibonacci.microbenchmarking.jmh_generated.SQLBigFibonacciApp_iterative_jmhTest

  | => root / Compile / compileIncremental 11s
[33mwarn] Could not determine source for class pl.tomaszgigiel.fibonacci.microbenchmarking.jmh_generated.JBigFibonacciApp_matrix_jmhTest

  | => root / Compile / compileIncremental 11s
[33mwarn] Could not determine source for class pl.tomaszgigiel.fibonacci.microbenchmarking.jmh_generated.JFibonacciApp_recursive_jmhTest

  | => root / Compile / compileIncremental 11s
[33mwarn] Could not determine source for class pl.tomaszgigiel.fibonacci.microbenchmarking.jmh_generated.SQLBigFibonacciApp_jmhType_B3

  | => root / Compile / compileIncremental 11s
[33mwarn] Could not determine source for class pl.tomaszgigiel.fibonacci.microbenchmarking.jmh_generated.SQLBigFibonacciApp_matrix_jmhTest

  | => root / Compile / compileIncremental 11s
[33mwarn] Could not determine source for class pl.tomaszgigiel.fibonacci.microbenchmarking.jmh_generated.SQLBigFibonacciApp_jmhType_B1

  | => root / Compile / compileIncremental 11s
[33mwarn] Could not determine source for class pl.tomaszgigiel.fibonacci.microbenchmarking.jmh_generated.JBigFibonacciApp_recursive_jmhTest

  | => root / Compile / compileIncremental 11s
[33mwarn] Could not determine source for class pl.tomaszgigiel.fibonacci.microbenchmarking.jmh_generated.SQLBigFibonacciApp_jmhType_B2

  | => root / Compile / compileIncremental 11s
[33mwarn] Could not determine source for class pl.tomaszgigiel.fibonacci.microbenchmarking.jmh_generated.SQLBigFibonacciApp_jmhType

  | => root / Compile / compileIncremental 11s
[33mwarn] Could not determine source for class pl.tomaszgigiel.fibonacci.microbenchmarking.jmh_generated.SQLFibonacciApp_jmhType_B3

  | => root / Compile / compileIncremental 11s
[33mwarn] Could not determine source for class pl.tomaszgigiel.fibonacci.microbenchmarking.jmh_generated.JFibonacciApp_matrix_jmhTest

  | => root / Compile / compileIncremental 11s
[33mwarn] Could not determine source for class pl.tomaszgigiel.fibonacci.microbenchmarking.jmh_generated.JBigFibonacciApp_jmhType_B2

  | => root / Compile / compileIncremental 11s
[33mwarn] Could not determine source for class pl.tomaszgigiel.fibonacci.microbenchmarking.jmh_generated.JBigFibonacciApp_jmhType_B3

  | => root / Compile / compileIncremental 11s
[33mwarn] Could not determine source for class pl.tomaszgigiel.fibonacci.microbenchmarking.jmh_generated.JFibonacciApp_iterative_jmhTest

  | => root / Compile / compileIncremental 11s
[33mwarn] Could not determine source for class pl.tomaszgigiel.fibonacci.microbenchmarking.jmh_generated.SQLFibonacciApp_jmhType_B2

  | => root / Compile / compileIncremental 11s
[33mwarn] Could not determine source for class pl.tomaszgigiel.fibonacci.microbenchmarking.jmh_generated.JBigFibonacciApp_jmhType_B1

  | => root / Compile / compileIncremental 11s
[33mwarn] Could not determine source for class pl.tomaszgigiel.fibonacci.microbenchmarking.jmh_generated.SQLBigFibonacciApp_recursive_jmhTest

  | => root / Compile / compileIncremental 11s
[33mwarn] Could not determine source for class pl.tomaszgigiel.fibonacci.microbenchmarking.jmh_generated.SQLFibonacciApp_jmhType_B1

  | => root / Compile / compileIncremental 11s
[33mwarn] Could not determine source for class pl.tomaszgigiel.fibonacci.microbenchmarking.jmh_generated.JFibonacciApp_binet_jmhTest

  | => root / Compile / compileIncremental 11s
[33mwarn] Could not determine source for class pl.tomaszgigiel.fibonacci.microbenchmarking.jmh_generated.JFibonacciApp_jmhType_B3

  | => root / Compile / compileIncremental 11s
[33mwarn] Could not determine source for class pl.tomaszgigiel.fibonacci.microbenchmarking.jmh_generated.SQLFibonacciApp_jmhType

  | => root / Compile / compileIncremental 11s
[33mwarn] Could not determine source for class pl.tomaszgigiel.fibonacci.microbenchmarking.jmh_generated.JBigFibonacciApp_binet_jmhTest

  | => root / Compile / compileIncremental 11s
[33mwarn] Could not determine source for class pl.tomaszgigiel.fibonacci.microbenchmarking.jmh_generated.JBigFibonacciApp_iterative_jmhTest

  | => root / Compile / compileIncremental 11s
[33mwarn] Could not determine source for class pl.tomaszgigiel.fibonacci.microbenchmarking.jmh_generated.JFibonacciApp_jmhType_B1

  | => root / Compile / compileIncremental 11s
[33mwarn] Could not determine source for class pl.tomaszgigiel.fibonacci.microbenchmarking.jmh_generated.SQLFibonacciApp_select_jmhTest

  | => root / Compile / compileIncremental 11s
[33mwarn] Could not determine source for class pl.tomaszgigiel.fibonacci.microbenchmarking.jmh_generated.JFibonacciApp_jmhType_B2

  | => root / Compile / compileIncremental 11s
[33mwarn] Could not determine source for class pl.tomaszgigiel.fibonacci.microbenchmarking.jmh_generated.JFibonacciApp_jmhType

  | => root / Compile / compileIncremental 11s

  | => root / Compile / compile 0s
[info] running pl.tomaszgigiel.fibonacci.ScalaApp src/test/resources/custom.edn
19:26:46.958 [sbt-bg-threads-1] INFO fibonacci - ok
[32msuccess] Total time: 17 s, completed Jul 22, 2022, 7:26:46 PM
/home/tomasz/Documents/workspace/fibonacci
/home/tomasz/Documents/workspace/fibonacci
[info] welcome to sbt 1.6.2 (Oracle Corporation Java 17.0.2)
[info] loading global plugins from /home/tomasz/.sbt/1.0/plugins

  | => global-plugins / otherResolvers 0s

  | => global-plugins / update 0s

  | => <anon-22587507> 0s
[info] loading settings for project fibonacci-build from plugins.sbt ...
[info] loading project definition from /home/tomasz/Documents/workspace/fibonacci/project

  | => fibonacci-build / update 0s
[info] loading settings for project root from build.sbt ...
[info] set current project to fibonacci-sbt (in build file:/home/tomasz/Documents/workspace/fibonacci/)
[32msuccess] Total time: 0 s, completed Jul 22, 2022, 7:26:57 PM

  | => root / scalaCompilerBridgeBinaryJar 0s
  | => root / update 0s

  | => root / scalaCompilerBridgeBinaryJar 0s
  | => root / update 0s

  | => root / scalaCompilerBridgeBinaryJar 1s
  | => root / update 1s

  | => root / scalaCompilerBridgeBinaryJar 2s
  | => root / update 2s
[info] compiling 1 Scala source and 13 Java sources to /home/tomasz/Documents/workspace/fibonacci/target/scala-3.1.2/classes ...

  | => root / Compile / compileIncremental 0s

  | => root / Compile / compileIncremental 1s

  | => root / Compile / compileIncremental 1s

  | => root / Compile / compileIncremental 2s

  | => root / Compile / compileIncremental 3s

  | => root / Compile / compileIncremental 4s

  | => root / Compile / compileIncremental 5s

  | => root / Compile / compileIncremental 6s

  | => root / Compile / compileIncremental 7s

  | => root / Compile / compileIncremental 8s

  | => root / Compile / compileIncremental 9s

  | => root / Compile / compileIncremental 10s
[33mwarn] Could not determine source for class pl.tomaszgigiel.fibonacci.microbenchmarking.jmh_generated.SQLBigFibonacciApp_binet_jmhTest

  | => root / Compile / compileIncremental 10s
[33mwarn] Could not determine source for class pl.tomaszgigiel.fibonacci.microbenchmarking.jmh_generated.JBigFibonacciApp_jmhType

  | => root / Compile / compileIncremental 10s
[33mwarn] Could not determine source for class pl.tomaszgigiel.fibonacci.microbenchmarking.jmh_generated.SQLBigFibonacciApp_iterative_jmhTest

  | => root / Compile / compileIncremental 10s
[33mwarn] Could not determine source for class pl.tomaszgigiel.fibonacci.microbenchmarking.jmh_generated.JBigFibonacciApp_matrix_jmhTest

  | => root / Compile / compileIncremental 10s
[33mwarn] Could not determine source for class pl.tomaszgigiel.fibonacci.microbenchmarking.jmh_generated.JFibonacciApp_recursive_jmhTest

  | => root / Compile / compileIncremental 10s
[33mwarn] Could not determine source for class pl.tomaszgigiel.fibonacci.microbenchmarking.jmh_generated.SQLBigFibonacciApp_jmhType_B3

  | => root / Compile / compileIncremental 10s
[33mwarn] Could not determine source for class pl.tomaszgigiel.fibonacci.microbenchmarking.jmh_generated.SQLBigFibonacciApp_matrix_jmhTest

  | => root / Compile / compileIncremental 10s
[33mwarn] Could not determine source for class pl.tomaszgigiel.fibonacci.microbenchmarking.jmh_generated.SQLBigFibonacciApp_jmhType_B1

  | => root / Compile / compileIncremental 10s
[33mwarn] Could not determine source for class pl.tomaszgigiel.fibonacci.microbenchmarking.jmh_generated.JBigFibonacciApp_recursive_jmhTest

  | => root / Compile / compileIncremental 10s
[33mwarn] Could not determine source for class pl.tomaszgigiel.fibonacci.microbenchmarking.jmh_generated.SQLBigFibonacciApp_jmhType_B2

  | => root / Compile / compileIncremental 10s
[33mwarn] Could not determine source for class pl.tomaszgigiel.fibonacci.microbenchmarking.jmh_generated.SQLBigFibonacciApp_jmhType

  | => root / Compile / compileIncremental 10s
[33mwarn] Could not determine source for class pl.tomaszgigiel.fibonacci.microbenchmarking.jmh_generated.SQLFibonacciApp_jmhType_B3

  | => root / Compile / compileIncremental 10s
[33mwarn] Could not determine source for class pl.tomaszgigiel.fibonacci.microbenchmarking.jmh_generated.JFibonacciApp_matrix_jmhTest

  | => root / Compile / compileIncremental 10s
[33mwarn] Could not determine source for class pl.tomaszgigiel.fibonacci.microbenchmarking.jmh_generated.JBigFibonacciApp_jmhType_B2

  | => root / Compile / compileIncremental 10s
[33mwarn] Could not determine source for class pl.tomaszgigiel.fibonacci.microbenchmarking.jmh_generated.JBigFibonacciApp_jmhType_B3

  | => root / Compile / compileIncremental 10s
[33mwarn] Could not determine source for class pl.tomaszgigiel.fibonacci.microbenchmarking.jmh_generated.JFibonacciApp_iterative_jmhTest

  | => root / Compile / compileIncremental 10s
[33mwarn] Could not determine source for class pl.tomaszgigiel.fibonacci.microbenchmarking.jmh_generated.SQLFibonacciApp_jmhType_B2

  | => root / Compile / compileIncremental 10s
[33mwarn] Could not determine source for class pl.tomaszgigiel.fibonacci.microbenchmarking.jmh_generated.JBigFibonacciApp_jmhType_B1

  | => root / Compile / compileIncremental 10s
[33mwarn] Could not determine source for class pl.tomaszgigiel.fibonacci.microbenchmarking.jmh_generated.SQLBigFibonacciApp_recursive_jmhTest

  | => root / Compile / compileIncremental 10s
[33mwarn] Could not determine source for class pl.tomaszgigiel.fibonacci.microbenchmarking.jmh_generated.SQLFibonacciApp_jmhType_B1

  | => root / Compile / compileIncremental 10s
[33mwarn] Could not determine source for class pl.tomaszgigiel.fibonacci.microbenchmarking.jmh_generated.JFibonacciApp_binet_jmhTest

  | => root / Compile / compileIncremental 10s
[33mwarn] Could not determine source for class pl.tomaszgigiel.fibonacci.microbenchmarking.jmh_generated.JFibonacciApp_jmhType_B3

  | => root / Compile / compileIncremental 10s
[33mwarn] Could not determine source for class pl.tomaszgigiel.fibonacci.microbenchmarking.jmh_generated.SQLFibonacciApp_jmhType

  | => root / Compile / compileIncremental 10s
[33mwarn] Could not determine source for class pl.tomaszgigiel.fibonacci.microbenchmarking.jmh_generated.JBigFibonacciApp_binet_jmhTest

  | => root / Compile / compileIncremental 10s
[33mwarn] Could not determine source for class pl.tomaszgigiel.fibonacci.microbenchmarking.jmh_generated.JBigFibonacciApp_iterative_jmhTest

  | => root / Compile / compileIncremental 10s
[33mwarn] Could not determine source for class pl.tomaszgigiel.fibonacci.microbenchmarking.jmh_generated.JFibonacciApp_jmhType_B1

  | => root / Compile / compileIncremental 10s
[33mwarn] Could not determine source for class pl.tomaszgigiel.fibonacci.microbenchmarking.jmh_generated.SQLFibonacciApp_select_jmhTest

  | => root / Compile / compileIncremental 10s
[33mwarn] Could not determine source for class pl.tomaszgigiel.fibonacci.microbenchmarking.jmh_generated.JFibonacciApp_jmhType_B2

  | => root / Compile / compileIncremental 10s
[33mwarn] Could not determine source for class pl.tomaszgigiel.fibonacci.microbenchmarking.jmh_generated.JFibonacciApp_jmhType

  | => root / Compile / compileIncremental 10s

  | => root / Compile / compileIncremental 11s

  | => root / Compile / bgRunMain 0s
[info] running pl.tomaszgigiel.fibonacci.ScalaApp src/test/resources/custom.edn
19:27:14.133 [sbt-bg-threads-1] INFO fibonacci - ok
[32msuccess] Total time: 16 s, completed Jul 22, 2022, 7:27:14 PM
/home/tomasz/Documents/workspace/fibonacci
/home/tomasz/Documents/workspace/fibonacci
[info] welcome to sbt 1.6.2 (Oracle Corporation Java 17.0.2)
[info] loading global plugins from /home/tomasz/.sbt/1.0/plugins

  | => global-plugins / otherResolvers 0s

  | => global-plugins / dependencyPositions 0s
  | => global-plugins / otherResolvers 0s

  | => global-plugins / dependencyPositions 0s
  | => global-plugins / otherResolvers 0s

  | => global-plugins / dependencyPositions 0s
  | => global-plugins / otherResolvers 0s


  | => global-plugins / update 0s


  | => <anon-1e8ab90f> 0s
[info] loading settings for project fibonacci-build from plugins.sbt ...
[info] loading project definition from /home/tomasz/Documents/workspace/fibonacci/project

  | => fibonacci-build / update 0s
[info] loading settings for project root from build.sbt ...
[info] set current project to fibonacci-sbt (in build file:/home/tomasz/Documents/workspace/fibonacci/)
[32msuccess] Total time: 0 s, completed Jul 22, 2022, 7:27:25 PM

  | => root / dependencyPositions 0s

  | => root / update 0s
  | => root / scalaCompilerBridgeBinaryJar 0s

  | => root / update 1s
  | => root / scalaCompilerBridgeBinaryJar 1s

  | => root / update 2s
  | => root / scalaCompilerBridgeBinaryJar 2s

  | => root / update 3s
  | => root / scalaCompilerBridgeBinaryJar 3s


  | => root / update 4s
[info] compiling 1 Scala source and 13 Java sources to /home/tomasz/Documents/workspace/fibonacci/target/scala-3.1.2/classes ...

  | => root / update 4s

  | => root / Compile / compileIncremental 0s

  | => root / Compile / compileIncremental 1s

  | => root / Compile / compileIncremental 2s

  | => root / Compile / compileIncremental 3s

  | => root / Compile / compileIncremental 4s

  | => root / Compile / compileIncremental 5s

  | => root / Compile / compileIncremental 6s

  | => root / Compile / compileIncremental 7s

  | => root / Compile / compileIncremental 8s

  | => root / Compile / compileIncremental 8s

  | => root / Compile / compileIncremental 9s

  | => root / Compile / compileIncremental 10s
[33mwarn] Could not determine source for class pl.tomaszgigiel.fibonacci.microbenchmarking.jmh_generated.SQLBigFibonacciApp_binet_jmhTest

  | => root / Compile / compileIncremental 10s
[33mwarn] Could not determine source for class pl.tomaszgigiel.fibonacci.microbenchmarking.jmh_generated.JBigFibonacciApp_jmhType

  | => root / Compile / compileIncremental 10s
[33mwarn] Could not determine source for class pl.tomaszgigiel.fibonacci.microbenchmarking.jmh_generated.SQLBigFibonacciApp_iterative_jmhTest

  | => root / Compile / compileIncremental 10s
[33mwarn] Could not determine source for class pl.tomaszgigiel.fibonacci.microbenchmarking.jmh_generated.JBigFibonacciApp_matrix_jmhTest

  | => root / Compile / compileIncremental 10s
[33mwarn] Could not determine source for class pl.tomaszgigiel.fibonacci.microbenchmarking.jmh_generated.JFibonacciApp_recursive_jmhTest

  | => root / Compile / compileIncremental 10s
[33mwarn] Could not determine source for class pl.tomaszgigiel.fibonacci.microbenchmarking.jmh_generated.SQLBigFibonacciApp_jmhType_B3

  | => root / Compile / compileIncremental 10s
[33mwarn] Could not determine source for class pl.tomaszgigiel.fibonacci.microbenchmarking.jmh_generated.SQLBigFibonacciApp_matrix_jmhTest

  | => root / Compile / compileIncremental 10s
[33mwarn] Could not determine source for class pl.tomaszgigiel.fibonacci.microbenchmarking.jmh_generated.SQLBigFibonacciApp_jmhType_B1

  | => root / Compile / compileIncremental 10s
[33mwarn] Could not determine source for class pl.tomaszgigiel.fibonacci.microbenchmarking.jmh_generated.JBigFibonacciApp_recursive_jmhTest

  | => root / Compile / compileIncremental 10s
[33mwarn] Could not determine source for class pl.tomaszgigiel.fibonacci.microbenchmarking.jmh_generated.SQLBigFibonacciApp_jmhType_B2

  | => root / Compile / compileIncremental 10s
[33mwarn] Could not determine source for class pl.tomaszgigiel.fibonacci.microbenchmarking.jmh_generated.SQLBigFibonacciApp_jmhType

  | => root / Compile / compileIncremental 10s
[33mwarn] Could not determine source for class pl.tomaszgigiel.fibonacci.microbenchmarking.jmh_generated.SQLFibonacciApp_jmhType_B3

  | => root / Compile / compileIncremental 10s
[33mwarn] Could not determine source for class pl.tomaszgigiel.fibonacci.microbenchmarking.jmh_generated.JFibonacciApp_matrix_jmhTest

  | => root / Compile / compileIncremental 10s
[33mwarn] Could not determine source for class pl.tomaszgigiel.fibonacci.microbenchmarking.jmh_generated.JBigFibonacciApp_jmhType_B2

  | => root / Compile / compileIncremental 10s
[33mwarn] Could not determine source for class pl.tomaszgigiel.fibonacci.microbenchmarking.jmh_generated.JBigFibonacciApp_jmhType_B3

  | => root / Compile / compileIncremental 10s
[33mwarn] Could not determine source for class pl.tomaszgigiel.fibonacci.microbenchmarking.jmh_generated.JFibonacciApp_iterative_jmhTest

  | => root / Compile / compileIncremental 10s
[33mwarn] Could not determine source for class pl.tomaszgigiel.fibonacci.microbenchmarking.jmh_generated.SQLFibonacciApp_jmhType_B2

  | => root / Compile / compileIncremental 10s
[33mwarn] Could not determine source for class pl.tomaszgigiel.fibonacci.microbenchmarking.jmh_generated.JBigFibonacciApp_jmhType_B1

  | => root / Compile / compileIncremental 10s
[33mwarn] Could not determine source for class pl.tomaszgigiel.fibonacci.microbenchmarking.jmh_generated.SQLBigFibonacciApp_recursive_jmhTest

  | => root / Compile / compileIncremental 10s
[33mwarn] Could not determine source for class pl.tomaszgigiel.fibonacci.microbenchmarking.jmh_generated.SQLFibonacciApp_jmhType_B1

  | => root / Compile / compileIncremental 10s
[33mwarn] Could not determine source for class pl.tomaszgigiel.fibonacci.microbenchmarking.jmh_generated.JFibonacciApp_binet_jmhTest

  | => root / Compile / compileIncremental 10s
[33mwarn] Could not determine source for class pl.tomaszgigiel.fibonacci.microbenchmarking.jmh_generated.JFibonacciApp_jmhType_B3

  | => root / Compile / compileIncremental 10s
[33mwarn] Could not determine source for class pl.tomaszgigiel.fibonacci.microbenchmarking.jmh_generated.SQLFibonacciApp_jmhType

  | => root / Compile / compileIncremental 10s
[33mwarn] Could not determine source for class pl.tomaszgigiel.fibonacci.microbenchmarking.jmh_generated.JBigFibonacciApp_binet_jmhTest

  | => root / Compile / compileIncremental 10s
[33mwarn] Could not determine source for class pl.tomaszgigiel.fibonacci.microbenchmarking.jmh_generated.JBigFibonacciApp_iterative_jmhTest

  | => root / Compile / compileIncremental 10s
[33mwarn] Could not determine source for class pl.tomaszgigiel.fibonacci.microbenchmarking.jmh_generated.JFibonacciApp_jmhType_B1

  | => root / Compile / compileIncremental 10s
[33mwarn] Could not determine source for class pl.tomaszgigiel.fibonacci.microbenchmarking.jmh_generated.SQLFibonacciApp_select_jmhTest

  | => root / Compile / compileIncremental 10s
[33mwarn] Could not determine source for class pl.tomaszgigiel.fibonacci.microbenchmarking.jmh_generated.JFibonacciApp_jmhType_B2

  | => root / Compile / compileIncremental 10s
[33mwarn] Could not determine source for class pl.tomaszgigiel.fibonacci.microbenchmarking.jmh_generated.JFibonacciApp_jmhType

  | => root / Compile / compileIncremental 10s

  | => root / Compile / compileIncremental 11s

  | => root / Compile / compile 0s
[info] compiling 1 Scala source and 8 Java sources to /home/tomasz/Documents/workspace/fibonacci/target/scala-3.1.2/test-classes ...

  | => root / Compile / compile 0s
[info] Including: jaxb-core-2.3.0.1.jar

  | => root / Compile / compile 0s
[info] Including: logback-core-1.2.11.jar

  | => root / Compile / compile 0s
[info] Including: scala3-library_3-3.1.2.jar

  | => root / Compile / compile 0s
[info] Including: jaxb-impl-2.4.0-b180830.0438.jar

  | => root / Compile / compile 0s
[info] Including: AppleJavaExtensions-1.4.jar

  | => root / Compile / compile 0s
[info] Including: jollyday-0.4.9.jar

  | => root / Compile / compile 0s
[info] Including: stanford-corenlp-4.4.0.jar

  | => root / Compile / compile 0s
[info] Including: lucene-queryparser-7.5.0.jar

  | => root / Compile / compile 0s
[info] Including: lucene-analyzers-common-7.5.0.jar

  | => root / Compile / compile 0s
[info] Including: cats-core_3-2.7.0.jar

  | => root / Compile / compile 0s
[info] Including: fs2-core_3-3.2.4.jar

  | => root / Compile / compile 0s

  | => root / Test / compileIncremental 0s
  | => root / assembly / assembledMappings 0s
[info] Including: lucene-core-7.5.0.jar

  | => root / Test / compileIncremental 0s
  | => root / assembly / assembledMappings 0s
[info] Including: cats-free_3-2.7.0.jar

  | => root / Test / compileIncremental 0s
  | => root / assembly / assembledMappings 0s
[info] Including: lucene-queries-7.5.0.jar

  | => root / Test / compileIncremental 0s
  | => root / assembly / assembledMappings 0s

  | => root / Test / compileIncremental 1s
  | => root / assembly / assembledMappings 1s
[info] Including: lucene-sandbox-7.5.0.jar

  | => root / Test / compileIncremental 1s
  | => root / assembly / assembledMappings 1s
[info] Including: xercesImpl-2.8.0.jar

  | => root / Test / compileIncremental 1s
  | => root / assembly / assembledMappings 1s
[info] Including: xalan-2.7.2.jar

  | => root / Test / compileIncremental 1s
  | => root / assembly / assembledMappings 1s

  | => root / Test / compileIncremental 2s
  | => root / assembly / assembledMappings 2s
[info] Including: javax.servlet-api-3.0.1.jar

  | => root / Test / compileIncremental 2s
  | => root / assembly / assembledMappings 2s
[info] Including: xom-1.3.7.jar

  | => root / Test / compileIncremental 2s
  | => root / assembly / assembledMappings 2s
[info] Including: joda-time-2.10.5.jar

  | => root / Test / compileIncremental 2s
  | => root / assembly / assembledMappings 2s
[info] Including: cats-effect_3-3.4-389-3862cf0.jar

  | => root / Test / compileIncremental 2s
  | => root / assembly / assembledMappings 2s
[info] Including: config-1.4.2.jar

  | => root / Test / compileIncremental 2s
  | => root / assembly / assembledMappings 2s
[info] Including: jsr305-3.0.2.jar

  | => root / Test / compileIncremental 2s
  | => root / assembly / assembledMappings 2s
[info] Including: ejml-core-0.39.jar

  | => root / Test / compileIncremental 2s
  | => root / assembly / assembledMappings 2s
[info] Including: commons-collections4-4.4.jar

  | => root / Test / compileIncremental 2s
  | => root / assembly / assembledMappings 2s
[info] Including: ejml-fdense-0.39.jar

  | => root / Test / compileIncremental 2s
  | => root / assembly / assembledMappings 2s
[info] Including: ejml-ddense-0.39.jar

  | => root / Test / compileIncremental 2s
  | => root / assembly / assembledMappings 2s
[info] Including: zt-zip-1.15.jar

  | => root / Test / compileIncremental 2s
  | => root / assembly / assembledMappings 2s
[info] Including: ejml-cdense-0.39.jar

  | => root / Test / compileIncremental 2s
  | => root / assembly / assembledMappings 2s
[info] Including: ejml-zdense-0.39.jar

  | => root / Test / compileIncremental 2s
  | => root / assembly / assembledMappings 2s
[info] Including: ejml-simple-0.39.jar

  | => root / Test / compileIncremental 2s
  | => root / assembly / assembledMappings 2s
[info] Including: ejml-dsparse-0.39.jar

  | => root / Test / compileIncremental 2s
  | => root / assembly / assembledMappings 2s
[info] Including: commons-io-2.11.0.jar

  | => root / Test / compileIncremental 2s
  | => root / assembly / assembledMappings 2s
[info] Including: ejml-fsparse-0.39.jar

  | => root / Test / compileIncremental 2s
  | => root / assembly / assembledMappings 2s
[info] Including: scodec-bits_3-1.1.30.jar

  | => root / Test / compileIncremental 2s
  | => root / assembly / assembledMappings 2s
[info] Including: javax.json-1.0.4.jar

  | => root / Test / compileIncremental 2s
  | => root / assembly / assembledMappings 2s
[info] Including: commons-lang3-3.12.0.jar

  | => root / Test / compileIncremental 2s
  | => root / assembly / assembledMappings 2s
[info] Including: xml-apis-1.3.04.jar

  | => root / Test / compileIncremental 2s
  | => root / assembly / assembledMappings 2s
[info] Including: scala-library-2.13.8.jar

  | => root / Test / compileIncremental 2s
  | => root / assembly / assembledMappings 2s
[info] Including: protobuf-java-3.11.4.jar

  | => root / Test / compileIncremental 2s
  | => root / assembly / assembledMappings 2s
[info] Including: doobie-core_3-1.0.0-RC2.jar

  | => root / Test / compileIncremental 2s
  | => root / assembly / assembledMappings 2s
[info] Including: serializer-2.7.2.jar

  | => root / Test / compileIncremental 2s
  | => root / assembly / assembledMappings 2s

  | => root / Test / compileIncremental 3s
  | => root / assembly / assembledMappings 3s
[info] Including: doobie-hikari_3-1.0.0-RC2.jar

  | => root / Test / compileIncremental 3s
  | => root / assembly / assembledMappings 3s
[info] Including: freemarker-2.3.31.jar

  | => root / Test / compileIncremental 3s
  | => root / assembly / assembledMappings 3s
[info] Including: doobie-h2_3-1.0.0-RC2.jar

  | => root / Test / compileIncremental 3s
  | => root / assembly / assembledMappings 3s
[info] Including: javax.activation-api-1.2.0.jar

  | => root / Test / compileIncremental 3s
  | => root / assembly / assembledMappings 3s
[info] Including: doobie-free_3-1.0.0-RC2.jar

  | => root / Test / compileIncremental 3s
  | => root / assembly / assembledMappings 3s
[info] Including: jaxb-api-2.4.0-b180830.0359.jar

  | => root / Test / compileIncremental 3s
  | => root / assembly / assembledMappings 3s
[info] Including: HikariCP-4.0.3.jar

  | => root / Test / compileIncremental 3s
  | => root / assembly / assembledMappings 3s
[info] Including: slf4j-api-1.7.36.jar

  | => root / Test / compileIncremental 3s
  | => root / assembly / assembledMappings 3s
[info] Including: jopt-simple-5.0.4.jar

  | => root / Test / compileIncremental 3s
  | => root / assembly / assembledMappings 3s
[info] Including: commons-math3-3.2.jar

  | => root / Test / compileIncremental 3s
  | => root / assembly / assembledMappings 3s
[info] Including: jmh-core-1.35.jar

  | => root / Test / compileIncremental 3s
  | => root / assembly / assembledMappings 3s
[info] Including: jmh-generator-annprocess-1.35.jar

  | => root / Test / compileIncremental 3s
  | => root / assembly / assembledMappings 3s

  | => root / Test / compileIncremental 4s
  | => root / assembly / assembledMappings 4s
[info] Including: log4j-core-2.18.0.jar

  | => root / Test / compileIncremental 4s
  | => root / assembly / assembledMappings 4s
[info] Including: typename_3-1.0.0.jar

  | => root / Test / compileIncremental 4s
  | => root / assembly / assembledMappings 4s
[info] Including: h2-1.4.200.jar

  | => root / Test / compileIncremental 4s
  | => root / assembly / assembledMappings 4s
[info] Including: log4j-api-2.18.0.jar

  | => root / Test / compileIncremental 4s
  | => root / assembly / assembledMappings 4s
[info] Including: scala-collection-compat_3-2.6.0.jar

  | => root / Test / compileIncremental 4s
  | => root / assembly / assembledMappings 4s
[info] Including: cats-kernel_3-2.7.0.jar

  | => root / Test / compileIncremental 4s
  | => root / assembly / assembledMappings 4s
[info] Including: logback-classic-1.2.11.jar

  | => root / Test / compileIncremental 4s
  | => root / assembly / assembledMappings 4s
[info] Including: scala-logging_3-3.9.5.jar

  | => root / Test / compileIncremental 4s
  | => root / assembly / assembledMappings 4s
[info] Including: simulacrum-scalafix-annotations_3-0.5.4.jar

  | => root / Test / compileIncremental 4s
  | => root / assembly / assembledMappings 4s
[33mwarn] Negative time

  | => root / Test / compileIncremental 4s
  | => root / assembly / assembledMappings 4s
[33mwarn] Negative time

  | => root / Test / compileIncremental 4s
  | => root / assembly / assembledMappings 4s
[33mwarn] Negative time

  | => root / Test / compileIncremental 4s
  | => root / assembly / assembledMappings 4s
[33mwarn] Negative time

  | => root / Test / compileIncremental 4s
  | => root / assembly / assembledMappings 4s
[33mwarn] Negative time

  | => root / Test / compileIncremental 4s
  | => root / assembly / assembledMappings 4s
[33mwarn] Negative time

  | => root / Test / compileIncremental 4s
  | => root / assembly / assembledMappings 4s
[33mwarn] Negative time

  | => root / Test / compileIncremental 4s
  | => root / assembly / assembledMappings 4s
[33mwarn] Negative time

  | => root / Test / compileIncremental 4s
  | => root / assembly / assembledMappings 4s
[33mwarn] Negative time

  | => root / Test / compileIncremental 4s
  | => root / assembly / assembledMappings 4s
[33mwarn] Negative time

  | => root / Test / compileIncremental 4s
  | => root / assembly / assembledMappings 4s
[info] Including: cats-effect-kernel_3-3.4-389-3862cf0.jar

  | => root / Test / compileIncremental 4s
  | => root / assembly / assembledMappings 4s

  | => root / Test / compileIncremental 5s
  | => root / assembly / assembledMappings 5s
[info] Including: cats-effect-std_3-3.4-389-3862cf0.jar

  | => root / Test / compileIncremental 5s
  | => root / assembly / assembledMappings 5s


  | => root / Test / compileIncremental 6s


  | => root / Test / executeTests 0s
[info] [32mScalaAppSuite:

  | => root / Test / executeTests 0s
[info] [32m- ok

  | => root / Test / executeTests 0s
[info] [36mRun completed in 452 milliseconds.

  | => root / Test / executeTests 0s
[info] [36mTotal number of tests run: 1

  | => root / Test / executeTests 0s
[info] [36mSuites: completed 1, aborted 0

  | => root / Test / executeTests 0s
[info] [36mTests: succeeded 1, failed 0, canceled 0, ignored 0, pending 0

  | => root / Test / executeTests 0s
[info] [32mAll tests passed.

  | => root / Test / executeTests 0s
[info] Checking every *.class/*.jar file's SHA-1.

  | => root / Test / executeTests 0s

  | => root / assembly 0s
[info] Merging files...

  | => root / assembly 0s
[33mwarn] Merging 'NOTICE' with strategy 'rename'

  | => root / assembly 0s
[33mwarn] Merging 'META-INF/NOTICE.txt' with strategy 'rename'

  | => root / assembly 0s
[33mwarn] Merging 'license/NOTICE' with strategy 'rename'

  | => root / assembly 0s
[33mwarn] Merging 'META-INF/NOTICE' with strategy 'rename'

  | => root / assembly 0s
[33mwarn] Merging 'license' with strategy 'rename'

  | => root / assembly 0s
[33mwarn] Merging 'license/LICENSE' with strategy 'rename'

  | => root / assembly 0s
[33mwarn] Merging 'META-INF/LICENSE.txt' with strategy 'rename'

  | => root / assembly 0s

  | => root / assembly 0s
[33mwarn] Merging 'META-INF/LICENSE' with strategy 'rename'

  | => root / assembly 0s
[33mwarn] Merging 'LICENSE' with strategy 'rename'

  | => root / assembly 0s
[33mwarn] Merging 'META-INF/DEPENDENCIES' with strategy 'discard'

  | => root / assembly 0s
[33mwarn] Merging 'META-INF/INDEX.LIST' with strategy 'discard'

  | => root / assembly 0s
[33mwarn] Merging 'META-INF/MANIFEST.MF' with strategy 'discard'

  | => root / assembly 0s
[33mwarn] Merging 'META-INF/maven/ch.qos.logback/logback-classic/pom.properties' with strategy 'discard'

  | => root / assembly 0s
[33mwarn] Merging 'META-INF/maven/ch.qos.logback/logback-classic/pom.xml' with strategy 'discard'

  | => root / assembly 0s
[33mwarn] Merging 'META-INF/maven/ch.qos.logback/logback-core/pom.properties' with strategy 'discard'

  | => root / assembly 0s
[33mwarn] Merging 'META-INF/maven/ch.qos.logback/logback-core/pom.xml' with strategy 'discard'

  | => root / assembly 0s
[33mwarn] Merging 'META-INF/maven/com.google.code.findbugs/jsr305/pom.properties' with strategy 'discard'

  | => root / assembly 0s
[33mwarn] Merging 'META-INF/maven/com.google.code.findbugs/jsr305/pom.xml' with strategy 'discard'

  | => root / assembly 0s
[33mwarn] Merging 'META-INF/maven/com.google.protobuf/protobuf-java/pom.properties' with strategy 'discard'

  | => root / assembly 0s
[33mwarn] Merging 'META-INF/maven/com.google.protobuf/protobuf-java/pom.xml' with strategy 'discard'

  | => root / assembly 0s
[33mwarn] Merging 'META-INF/maven/com.sun.istack/istack-commons-runtime/pom.properties' with strategy 'discard'

  | => root / assembly 0s
[33mwarn] Merging 'META-INF/maven/com.sun.istack/istack-commons-runtime/pom.xml' with strategy 'discard'

  | => root / assembly 0s
[33mwarn] Merging 'META-INF/maven/com.sun.xml.bind/jaxb-core/pom.properties' with strategy 'discard'

  | => root / assembly 0s
[33mwarn] Merging 'META-INF/maven/com.sun.xml.bind/jaxb-core/pom.xml' with strategy 'discard'

  | => root / assembly 0s
[33mwarn] Merging 'META-INF/maven/com.sun.xml.bind/jaxb-impl/pom.properties' with strategy 'discard'

  | => root / assembly 0s
[33mwarn] Merging 'META-INF/maven/com.sun.xml.bind/jaxb-impl/pom.xml' with strategy 'discard'

  | => root / assembly 0s
[33mwarn] Merging 'META-INF/maven/com.zaxxer/HikariCP/pom.properties' with strategy 'discard'

  | => root / assembly 0s
[33mwarn] Merging 'META-INF/maven/com.zaxxer/HikariCP/pom.xml' with strategy 'discard'

  | => root / assembly 0s
[33mwarn] Merging 'META-INF/maven/commons-io/commons-io/pom.properties' with strategy 'discard'

  | => root / assembly 0s
[33mwarn] Merging 'META-INF/maven/commons-io/commons-io/pom.xml' with strategy 'discard'

  | => root / assembly 0s
[33mwarn] Merging 'META-INF/maven/de.jollyday/jollyday/pom.properties' with strategy 'discard'

  | => root / assembly 0s
[33mwarn] Merging 'META-INF/maven/de.jollyday/jollyday/pom.xml' with strategy 'discard'

  | => root / assembly 0s
[33mwarn] Merging 'META-INF/maven/javax.activation/javax.activation-api/pom.properties' with strategy 'discard'

  | => root / assembly 0s
[33mwarn] Merging 'META-INF/maven/javax.activation/javax.activation-api/pom.xml' with strategy 'discard'

  | => root / assembly 0s
[33mwarn] Merging 'META-INF/maven/javax.servlet/javax.servlet-api/pom.properties' with strategy 'discard'

  | => root / assembly 0s
[33mwarn] Merging 'META-INF/maven/javax.servlet/javax.servlet-api/pom.xml' with strategy 'discard'

  | => root / assembly 0s
[33mwarn] Merging 'META-INF/maven/javax.xml.bind/jaxb-api/pom.properties' with strategy 'discard'

  | => root / assembly 0s
[33mwarn] Merging 'META-INF/maven/javax.xml.bind/jaxb-api/pom.xml' with strategy 'discard'

  | => root / assembly 0s
[33mwarn] Merging 'META-INF/maven/joda-time/joda-time/pom.properties' with strategy 'discard'

  | => root / assembly 0s
[33mwarn] Merging 'META-INF/maven/joda-time/joda-time/pom.xml' with strategy 'discard'

  | => root / assembly 0s
[33mwarn] Merging 'META-INF/maven/net.sf.jopt-simple/jopt-simple/pom.properties' with strategy 'discard'

  | => root / assembly 0s
[33mwarn] Merging 'META-INF/maven/net.sf.jopt-simple/jopt-simple/pom.xml' with strategy 'discard'

  | => root / assembly 0s
[33mwarn] Merging 'META-INF/maven/org.apache.commons/commons-collections4/pom.properties' with strategy 'discard'

  | => root / assembly 0s
[33mwarn] Merging 'META-INF/maven/org.apache.commons/commons-collections4/pom.xml' with strategy 'discard'

  | => root / assembly 0s
[33mwarn] Merging 'META-INF/maven/org.apache.commons/commons-lang3/pom.properties' with strategy 'discard'

  | => root / assembly 0s
[33mwarn] Merging 'META-INF/maven/org.apache.commons/commons-lang3/pom.xml' with strategy 'discard'

  | => root / assembly 0s
[33mwarn] Merging 'META-INF/maven/org.apache.commons/commons-math3/pom.properties' with strategy 'discard'

  | => root / assembly 0s
[33mwarn] Merging 'META-INF/maven/org.apache.commons/commons-math3/pom.xml' with strategy 'discard'

  | => root / assembly 0s
[33mwarn] Merging 'META-INF/maven/org.apache.logging.log4j/log4j-api/pom.properties' with strategy 'discard'

  | => root / assembly 0s
[33mwarn] Merging 'META-INF/maven/org.apache.logging.log4j/log4j-api/pom.xml' with strategy 'discard'

  | => root / assembly 0s
[33mwarn] Merging 'META-INF/maven/org.apache.logging.log4j/log4j-core/pom.properties' with strategy 'discard'

  | => root / assembly 0s
[33mwarn] Merging 'META-INF/maven/org.apache.logging.log4j/log4j-core/pom.xml' with strategy 'discard'

  | => root / assembly 0s
[33mwarn] Merging 'META-INF/maven/org.glassfish.jaxb/jaxb-core/pom.properties' with strategy 'discard'

  | => root / assembly 0s
[33mwarn] Merging 'META-INF/maven/org.glassfish.jaxb/jaxb-core/pom.xml' with strategy 'discard'

  | => root / assembly 0s
[33mwarn] Merging 'META-INF/maven/org.glassfish.jaxb/jaxb-runtime/pom.properties' with strategy 'discard'

  | => root / assembly 0s
[33mwarn] Merging 'META-INF/maven/org.glassfish.jaxb/jaxb-runtime/pom.xml' with strategy 'discard'

  | => root / assembly 0s
[33mwarn] Merging 'META-INF/maven/org.glassfish.jaxb/txw2/pom.properties' with strategy 'discard'

  | => root / assembly 0s
[33mwarn] Merging 'META-INF/maven/org.glassfish.jaxb/txw2/pom.xml' with strategy 'discard'

  | => root / assembly 0s
[33mwarn] Merging 'META-INF/maven/org.glassfish/javax.json/pom.properties' with strategy 'discard'

  | => root / assembly 0s
[33mwarn] Merging 'META-INF/maven/org.glassfish/javax.json/pom.xml' with strategy 'discard'

  | => root / assembly 0s
[33mwarn] Merging 'META-INF/maven/org.openjdk.jmh/jmh-core/pom.properties' with strategy 'discard'

  | => root / assembly 0s
[33mwarn] Merging 'META-INF/maven/org.openjdk.jmh/jmh-core/pom.xml' with strategy 'discard'

  | => root / assembly 0s
[33mwarn] Merging 'META-INF/maven/org.openjdk.jmh/jmh-generator-annprocess/pom.properties' with strategy 'discard'

  | => root / assembly 0s
[33mwarn] Merging 'META-INF/maven/org.openjdk.jmh/jmh-generator-annprocess/pom.xml' with strategy 'discard'

  | => root / assembly 0s
[33mwarn] Merging 'META-INF/maven/org.slf4j/slf4j-api/pom.properties' with strategy 'discard'

  | => root / assembly 0s
[33mwarn] Merging 'META-INF/maven/org.slf4j/slf4j-api/pom.xml' with strategy 'discard'

  | => root / assembly 0s
[33mwarn] Merging 'META-INF/services/javax.annotation.processing.Processor' with strategy 'filterDistinctLines'

  | => root / assembly 0s
[33mwarn] Merging 'META-INF/services/org.apache.lucene.codecs.PostingsFormat' with strategy 'filterDistinctLines'

  | => root / assembly 0s
[33mwarn] Merging 'META-INF/versions/11/module-info.class' with strategy 'discard'

  | => root / assembly 0s
[33mwarn] Merging 'META-INF/versions/9/module-info.class' with strategy 'discard'

  | => root / assembly 0s

  | => root / assembly 1s
[33mwarn] Merging 'module-info.class' with strategy 'discard'

  | => root / assembly 1s
[info] Strategy 'deduplicate' was applied to 136 files (Run the task at debug level to see details)

  | => root / assembly 1s
[33mwarn] Strategy 'discard' was applied to 60 files

  | => root / assembly 1s
[33mwarn] Strategy 'filterDistinctLines' was applied to 2 files

  | => root / assembly 1s
[33mwarn] Strategy 'rename' was applied to 9 files

  | => root / assembly 1s

  | => root / assembly 2s

  | => root / assembly 2s
[info] SHA-1: caf4694e50721beff203e56b8681adc06e199e28

  | => root / assembly 2s
[33mwarn] Ignored unknown package option FixedTimestamp(Some(1262304000000))

  | => root / assembly 2s

  | => root / assembly 3s

  | => root / assembly 4s

  | => root / assembly 5s

  | => root / assembly 6s

  | => root / assembly 7s

  | => root / assembly 8s

  | => root / assembly 9s

  | => root / assembly 10s

  | => root / assembly 11s
[32msuccess] Total time: 36 s, completed Jul 22, 2022, 7:28:01 PM
19:28:02.688 [main] INFO fibonacci - ok
/home/tomasz/Documents/workspace/fibonacci
/home/tomasz/Documents/workspace/fibonacci
[info] welcome to sbt 1.6.2 (Oracle Corporation Java 17.0.2)
[info] loading global plugins from /home/tomasz/.sbt/1.0/plugins

  | => global-plugins / otherResolvers 0s

  | => global-plugins / dependencyPositions 0s

  | => global-plugins / dependencyPositions 0s

  | => global-plugins / dependencyPositions 0s

  | => global-plugins / Compile / compileIncremental 0s

  | => <anon-2af69643> 0s
[info] loading settings for project fibonacci-build from plugins.sbt ...
[info] loading project definition from /home/tomasz/Documents/workspace/fibonacci/project

  | => fibonacci-build / update 0s

  | => fibonacci-build / Compile / compileIncremental 0s
[info] loading settings for project root from build.sbt ...
[info] set current project to fibonacci-sbt (in build file:/home/tomasz/Documents/workspace/fibonacci/)

  | => root / clean 0s

  | => root / clean 0s
[32msuccess] Total time: 2 s, completed Jul 22, 2022, 7:28:16 PM

  | => root / dependencyPositions 0s

  | => root / update 0s
  | => root / scalaCompilerBridgeBinaryJar 0s

  | => root / update 1s
  | => root / scalaCompilerBridgeBinaryJar 1s

  | => root / update 2s
  | => root / scalaCompilerBridgeBinaryJar 2s

  | => root / update 3s
  | => root / scalaCompilerBridgeBinaryJar 3s

  | => root / update 4s
  | => root / scalaCompilerBridgeBinaryJar 4s


  | => root / update 4s


  | => root / update 5s
[info] compiling 1 Scala source and 13 Java sources to /home/tomasz/Documents/workspace/fibonacci/target/scala-3.1.2/classes ...

  | => root / update 5s

  | => root / Compile / compileIncremental 0s

  | => root / Compile / compileIncremental 1s

  | => root / Compile / compileIncremental 2s

  | => root / Compile / compileIncremental 3s

  | => root / Compile / compileIncremental 4s

  | => root / Compile / compileIncremental 5s

  | => root / Compile / compileIncremental 6s

  | => root / Compile / compileIncremental 7s

  | => root / Compile / compileIncremental 7s

  | => root / Compile / compileIncremental 8s

  | => root / Compile / compileIncremental 9s

  | => root / Compile / compileIncremental 10s

  | => root / Compile / compileIncremental 11s

  | => root / Compile / compileIncremental 12s
[33mwarn] Could not determine source for class pl.tomaszgigiel.fibonacci.microbenchmarking.jmh_generated.SQLBigFibonacciApp_binet_jmhTest

  | => root / Compile / compileIncremental 12s
[33mwarn] Could not determine source for class pl.tomaszgigiel.fibonacci.microbenchmarking.jmh_generated.JBigFibonacciApp_jmhType

  | => root / Compile / compileIncremental 12s
[33mwarn] Could not determine source for class pl.tomaszgigiel.fibonacci.microbenchmarking.jmh_generated.SQLBigFibonacciApp_iterative_jmhTest

  | => root / Compile / compileIncremental 12s
[33mwarn] Could not determine source for class pl.tomaszgigiel.fibonacci.microbenchmarking.jmh_generated.JBigFibonacciApp_matrix_jmhTest

  | => root / Compile / compileIncremental 12s
[33mwarn] Could not determine source for class pl.tomaszgigiel.fibonacci.microbenchmarking.jmh_generated.JFibonacciApp_recursive_jmhTest

  | => root / Compile / compileIncremental 12s
[33mwarn] Could not determine source for class pl.tomaszgigiel.fibonacci.microbenchmarking.jmh_generated.SQLBigFibonacciApp_jmhType_B3

  | => root / Compile / compileIncremental 12s
[33mwarn] Could not determine source for class pl.tomaszgigiel.fibonacci.microbenchmarking.jmh_generated.SQLBigFibonacciApp_matrix_jmhTest

  | => root / Compile / compileIncremental 12s
[33mwarn] Could not determine source for class pl.tomaszgigiel.fibonacci.microbenchmarking.jmh_generated.SQLBigFibonacciApp_jmhType_B1

  | => root / Compile / compileIncremental 12s
[33mwarn] Could not determine source for class pl.tomaszgigiel.fibonacci.microbenchmarking.jmh_generated.JBigFibonacciApp_recursive_jmhTest

  | => root / Compile / compileIncremental 12s
[33mwarn] Could not determine source for class pl.tomaszgigiel.fibonacci.microbenchmarking.jmh_generated.SQLBigFibonacciApp_jmhType_B2

  | => root / Compile / compileIncremental 12s
[33mwarn] Could not determine source for class pl.tomaszgigiel.fibonacci.microbenchmarking.jmh_generated.SQLBigFibonacciApp_jmhType

  | => root / Compile / compileIncremental 12s
[33mwarn] Could not determine source for class pl.tomaszgigiel.fibonacci.microbenchmarking.jmh_generated.SQLFibonacciApp_jmhType_B3

  | => root / Compile / compileIncremental 12s
[33mwarn] Could not determine source for class pl.tomaszgigiel.fibonacci.microbenchmarking.jmh_generated.JFibonacciApp_matrix_jmhTest

  | => root / Compile / compileIncremental 12s
[33mwarn] Could not determine source for class pl.tomaszgigiel.fibonacci.microbenchmarking.jmh_generated.JBigFibonacciApp_jmhType_B2

  | => root / Compile / compileIncremental 12s
[33mwarn] Could not determine source for class pl.tomaszgigiel.fibonacci.microbenchmarking.jmh_generated.JBigFibonacciApp_jmhType_B3

  | => root / Compile / compileIncremental 12s
[33mwarn] Could not determine source for class pl.tomaszgigiel.fibonacci.microbenchmarking.jmh_generated.JFibonacciApp_iterative_jmhTest

  | => root / Compile / compileIncremental 12s
[33mwarn] Could not determine source for class pl.tomaszgigiel.fibonacci.microbenchmarking.jmh_generated.SQLFibonacciApp_jmhType_B2

  | => root / Compile / compileIncremental 12s
[33mwarn] Could not determine source for class pl.tomaszgigiel.fibonacci.microbenchmarking.jmh_generated.JBigFibonacciApp_jmhType_B1

  | => root / Compile / compileIncremental 12s
[33mwarn] Could not determine source for class pl.tomaszgigiel.fibonacci.microbenchmarking.jmh_generated.SQLBigFibonacciApp_recursive_jmhTest

  | => root / Compile / compileIncremental 12s
[33mwarn] Could not determine source for class pl.tomaszgigiel.fibonacci.microbenchmarking.jmh_generated.SQLFibonacciApp_jmhType_B1

  | => root / Compile / compileIncremental 12s
[33mwarn] Could not determine source for class pl.tomaszgigiel.fibonacci.microbenchmarking.jmh_generated.JFibonacciApp_binet_jmhTest

  | => root / Compile / compileIncremental 12s
[33mwarn] Could not determine source for class pl.tomaszgigiel.fibonacci.microbenchmarking.jmh_generated.JFibonacciApp_jmhType_B3

  | => root / Compile / compileIncremental 12s
[33mwarn] Could not determine source for class pl.tomaszgigiel.fibonacci.microbenchmarking.jmh_generated.SQLFibonacciApp_jmhType

  | => root / Compile / compileIncremental 12s
[33mwarn] Could not determine source for class pl.tomaszgigiel.fibonacci.microbenchmarking.jmh_generated.JBigFibonacciApp_binet_jmhTest

  | => root / Compile / compileIncremental 12s
[33mwarn] Could not determine source for class pl.tomaszgigiel.fibonacci.microbenchmarking.jmh_generated.JBigFibonacciApp_iterative_jmhTest

  | => root / Compile / compileIncremental 12s
[33mwarn] Could not determine source for class pl.tomaszgigiel.fibonacci.microbenchmarking.jmh_generated.JFibonacciApp_jmhType_B1

  | => root / Compile / compileIncremental 12s
[33mwarn] Could not determine source for class pl.tomaszgigiel.fibonacci.microbenchmarking.jmh_generated.SQLFibonacciApp_select_jmhTest

  | => root / Compile / compileIncremental 12s
[33mwarn] Could not determine source for class pl.tomaszgigiel.fibonacci.microbenchmarking.jmh_generated.JFibonacciApp_jmhType_B2

  | => root / Compile / compileIncremental 12s
[33mwarn] Could not determine source for class pl.tomaszgigiel.fibonacci.microbenchmarking.jmh_generated.JFibonacciApp_jmhType

  | => root / Compile / compileIncremental 12s

  | => root / Compile / compile 0s
[info] compiling 1 Scala source and 8 Java sources to /home/tomasz/Documents/workspace/fibonacci/target/scala-3.1.2/test-classes ...

  | => root / Compile / compile 0s

  | => root / assembly / assembledMappings 0s
  | => root / Test / compileIncremental 0s
[info] Including: jaxb-core-2.3.0.1.jar

  | => root / assembly / assembledMappings 0s
  | => root / Test / compileIncremental 0s
[info] Including: joda-time-2.10.5.jar

  | => root / assembly / assembledMappings 0s
  | => root / Test / compileIncremental 0s
[info] Including: logback-core-1.2.11.jar

  | => root / assembly / assembledMappings 0s
  | => root / Test / compileIncremental 0s
[info] Including: scala3-library_3-3.1.2.jar

  | => root / assembly / assembledMappings 0s
  | => root / Test / compileIncremental 0s
[info] Including: jaxb-impl-2.4.0-b180830.0438.jar

  | => root / assembly / assembledMappings 0s
  | => root / Test / compileIncremental 0s
[info] Including: AppleJavaExtensions-1.4.jar

  | => root / assembly / assembledMappings 0s
  | => root / Test / compileIncremental 0s
[info] Including: jollyday-0.4.9.jar

  | => root / assembly / assembledMappings 0s
  | => root / Test / compileIncremental 0s
[info] Including: ejml-core-0.39.jar

  | => root / assembly / assembledMappings 0s
  | => root / Test / compileIncremental 0s
[info] Including: lucene-queryparser-7.5.0.jar

  | => root / assembly / assembledMappings 0s
  | => root / Test / compileIncremental 0s
[info] Including: ejml-ddense-0.39.jar

  | => root / assembly / assembledMappings 0s
  | => root / Test / compileIncremental 0s
[info] Including: cats-core_3-2.7.0.jar

  | => root / assembly / assembledMappings 0s
  | => root / Test / compileIncremental 0s
[info] Including: ejml-simple-0.39.jar

  | => root / assembly / assembledMappings 0s
  | => root / Test / compileIncremental 0s
[info] Including: lucene-analyzers-common-7.5.0.jar

  | => root / assembly / assembledMappings 0s
  | => root / Test / compileIncremental 0s
[info] Including: javax.json-1.0.4.jar

  | => root / assembly / assembledMappings 0s
  | => root / Test / compileIncremental 0s
[info] Including: fs2-core_3-3.2.4.jar

  | => root / assembly / assembledMappings 0s
  | => root / Test / compileIncremental 0s
[info] Including: protobuf-java-3.11.4.jar

  | => root / assembly / assembledMappings 0s
  | => root / Test / compileIncremental 0s

  | => root / assembly / assembledMappings 1s
  | => root / Test / compileIncremental 1s
[info] Including: cats-free_3-2.7.0.jar

  | => root / assembly / assembledMappings 1s
  | => root / Test / compileIncremental 1s
[info] Including: lucene-queries-7.5.0.jar

  | => root / assembly / assembledMappings 1s
  | => root / Test / compileIncremental 1s
[info] Including: lucene-core-7.5.0.jar

  | => root / assembly / assembledMappings 1s
  | => root / Test / compileIncremental 1s
[info] Including: lucene-sandbox-7.5.0.jar

  | => root / assembly / assembledMappings 1s
  | => root / Test / compileIncremental 1s
[info] Including: javax.activation-api-1.2.0.jar

  | => root / assembly / assembledMappings 1s
  | => root / Test / compileIncremental 1s
[info] Including: jaxb-api-2.4.0-b180830.0359.jar

  | => root / assembly / assembledMappings 1s
  | => root / Test / compileIncremental 1s
[info] Including: jsr305-3.0.2.jar

  | => root / assembly / assembledMappings 1s
  | => root / Test / compileIncremental 1s
[info] Including: ejml-fdense-0.39.jar

  | => root / assembly / assembledMappings 1s
  | => root / Test / compileIncremental 1s
[info] Including: xercesImpl-2.8.0.jar

  | => root / assembly / assembledMappings 1s
  | => root / Test / compileIncremental 1s
[info] Including: ejml-cdense-0.39.jar

  | => root / assembly / assembledMappings 1s
  | => root / Test / compileIncremental 1s
[info] Including: ejml-zdense-0.39.jar

  | => root / assembly / assembledMappings 1s
  | => root / Test / compileIncremental 1s
[info] Including: ejml-dsparse-0.39.jar

  | => root / assembly / assembledMappings 1s
  | => root / Test / compileIncremental 1s
[info] Including: ejml-fsparse-0.39.jar

  | => root / assembly / assembledMappings 1s
  | => root / Test / compileIncremental 1s
[info] Including: scodec-bits_3-1.1.30.jar

  | => root / assembly / assembledMappings 1s
  | => root / Test / compileIncremental 1s
[info] Including: xml-apis-1.3.04.jar

  | => root / assembly / assembledMappings 1s
  | => root / Test / compileIncremental 1s
[info] Including: xalan-2.7.2.jar

  | => root / assembly / assembledMappings 1s
  | => root / Test / compileIncremental 1s

  | => root / assembly / assembledMappings 2s
  | => root / Test / compileIncremental 2s
[info] Including: serializer-2.7.2.jar

  | => root / assembly / assembledMappings 2s
  | => root / Test / compileIncremental 2s
[info] Including: stanford-corenlp-4.4.0.jar

  | => root / assembly / assembledMappings 2s
  | => root / Test / compileIncremental 2s
[info] Including: javax.servlet-api-3.0.1.jar

  | => root / assembly / assembledMappings 2s
  | => root / Test / compileIncremental 2s
[info] Including: xom-1.3.7.jar

  | => root / assembly / assembledMappings 2s
  | => root / Test / compileIncremental 2s
[info] Including: doobie-hikari_3-1.0.0-RC2.jar

  | => root / assembly / assembledMappings 2s
  | => root / Test / compileIncremental 2s
[info] Including: cats-effect_3-3.4-389-3862cf0.jar

  | => root / assembly / assembledMappings 2s
  | => root / Test / compileIncremental 2s
[info] Including: freemarker-2.3.31.jar

  | => root / assembly / assembledMappings 2s
  | => root / Test / compileIncremental 2s
[info] Including: commons-io-2.11.0.jar

  | => root / assembly / assembledMappings 2s
  | => root / Test / compileIncremental 2s
[info] Including: doobie-core_3-1.0.0-RC2.jar

  | => root / assembly / assembledMappings 2s
  | => root / Test / compileIncremental 2s

  | => root / assembly / assembledMappings 3s
  | => root / Test / compileIncremental 3s
[info] Including: commons-collections4-4.4.jar

  | => root / assembly / assembledMappings 3s
  | => root / Test / compileIncremental 3s
[info] Including: commons-lang3-3.12.0.jar

  | => root / assembly / assembledMappings 3s
  | => root / Test / compileIncremental 3s
[info] Including: doobie-h2_3-1.0.0-RC2.jar

  | => root / assembly / assembledMappings 3s
  | => root / Test / compileIncremental 3s
[info] Including: log4j-core-2.18.0.jar

  | => root / assembly / assembledMappings 3s
  | => root / Test / compileIncremental 3s
[info] Including: doobie-free_3-1.0.0-RC2.jar

  | => root / assembly / assembledMappings 3s
  | => root / Test / compileIncremental 3s
[info] Including: jmh-core-1.35.jar

  | => root / assembly / assembledMappings 3s
  | => root / Test / compileIncremental 3s
[info] Including: cats-kernel_3-2.7.0.jar

  | => root / assembly / assembledMappings 3s
  | => root / Test / compileIncremental 3s
[info] Including: jmh-generator-annprocess-1.35.jar

  | => root / assembly / assembledMappings 3s
  | => root / Test / compileIncremental 3s
[info] Including: cats-effect-kernel_3-3.4-389-3862cf0.jar

  | => root / assembly / assembledMappings 3s
  | => root / Test / compileIncremental 3s

  | => root / assembly / assembledMappings 4s
  | => root / Test / compileIncremental 4s
[info] Including: cats-effect-std_3-3.4-389-3862cf0.jar

  | => root / assembly / assembledMappings 4s
  | => root / Test / compileIncremental 4s
[info] Including: log4j-api-2.18.0.jar

  | => root / assembly / assembledMappings 4s
  | => root / Test / compileIncremental 4s
[info] Including: zt-zip-1.15.jar

  | => root / assembly / assembledMappings 4s
  | => root / Test / compileIncremental 4s
[info] Including: logback-classic-1.2.11.jar

  | => root / assembly / assembledMappings 4s
  | => root / Test / compileIncremental 4s
[info] Including: scala-logging_3-3.9.5.jar

  | => root / assembly / assembledMappings 4s
  | => root / Test / compileIncremental 4s
[info] Including: scala-library-2.13.8.jar

  | => root / assembly / assembledMappings 4s
  | => root / Test / compileIncremental 4s
[info] Including: HikariCP-4.0.3.jar

  | => root / assembly / assembledMappings 4s
  | => root / Test / compileIncremental 4s
[info] Including: slf4j-api-1.7.36.jar

  | => root / assembly / assembledMappings 4s
  | => root / Test / compileIncremental 4s
[info] Including: jopt-simple-5.0.4.jar

  | => root / assembly / assembledMappings 4s
  | => root / Test / compileIncremental 4s

  | => root / assembly / assembledMappings 4s
  | => root / Test / compileIncremental 4s
[info] Including: scala-collection-compat_3-2.6.0.jar

  | => root / assembly / assembledMappings 4s
  | => root / Test / compileIncremental 4s
[info] Including: typename_3-1.0.0.jar

  | => root / assembly / assembledMappings 4s
  | => root / Test / compileIncremental 4s
[info] Including: simulacrum-scalafix-annotations_3-0.5.4.jar

  | => root / assembly / assembledMappings 4s
  | => root / Test / compileIncremental 4s
[33mwarn] Negative time

  | => root / assembly / assembledMappings 4s
  | => root / Test / compileIncremental 4s
[33mwarn] Negative time

  | => root / assembly / assembledMappings 4s
  | => root / Test / compileIncremental 4s
[33mwarn] Negative time

  | => root / assembly / assembledMappings 4s
  | => root / Test / compileIncremental 4s
[33mwarn] Negative time

  | => root / assembly / assembledMappings 4s
  | => root / Test / compileIncremental 4s
[33mwarn] Negative time

  | => root / assembly / assembledMappings 4s
  | => root / Test / compileIncremental 4s
[33mwarn] Negative time

  | => root / assembly / assembledMappings 4s
  | => root / Test / compileIncremental 4s
[33mwarn] Negative time

  | => root / assembly / assembledMappings 4s
  | => root / Test / compileIncremental 4s
[info] Including: config-1.4.2.jar

  | => root / assembly / assembledMappings 4s
  | => root / Test / compileIncremental 4s
[33mwarn] Negative time

  | => root / assembly / assembledMappings 4s
  | => root / Test / compileIncremental 4s
[33mwarn] Negative time

  | => root / assembly / assembledMappings 4s
  | => root / Test / compileIncremental 4s
[33mwarn] Negative time

  | => root / assembly / assembledMappings 4s
  | => root / Test / compileIncremental 4s
[info] Including: commons-math3-3.2.jar

  | => root / assembly / assembledMappings 4s
  | => root / Test / compileIncremental 4s
[info] Including: h2-1.4.200.jar

  | => root / assembly / assembledMappings 4s
  | => root / Test / compileIncremental 4s

  | => root / assembly / assembledMappings 5s
  | => root / Test / compileIncremental 5s


  | => root / Test / compileIncremental 6s


  | => root / Test / executeTests 0s
[info] [32mScalaAppSuite:

  | => root / Test / executeTests 0s
[info] [32m- ok

  | => root / Test / executeTests 0s
[info] [36mRun completed in 463 milliseconds.

  | => root / Test / executeTests 0s
[info] [36mTotal number of tests run: 1

  | => root / Test / executeTests 0s
[info] [36mSuites: completed 1, aborted 0

  | => root / Test / executeTests 0s
[info] [36mTests: succeeded 1, failed 0, canceled 0, ignored 0, pending 0

  | => root / Test / executeTests 0s
[info] [32mAll tests passed.

  | => root / Test / executeTests 0s
[info] Checking every *.class/*.jar file's SHA-1.

  | => root / Test / executeTests 0s

  | => root / assembly 0s
[info] Merging files...

  | => root / assembly 0s
[33mwarn] Merging 'NOTICE' with strategy 'rename'

  | => root / assembly 0s
[33mwarn] Merging 'META-INF/NOTICE.txt' with strategy 'rename'

  | => root / assembly 0s
[33mwarn] Merging 'license/NOTICE' with strategy 'rename'

  | => root / assembly 0s
[33mwarn] Merging 'META-INF/NOTICE' with strategy 'rename'

  | => root / assembly 0s

  | => root / assembly 0s
[33mwarn] Merging 'license' with strategy 'rename'

  | => root / assembly 0s
[33mwarn] Merging 'license/LICENSE' with strategy 'rename'

  | => root / assembly 0s
[33mwarn] Merging 'META-INF/LICENSE.txt' with strategy 'rename'

  | => root / assembly 0s
[33mwarn] Merging 'META-INF/LICENSE' with strategy 'rename'

  | => root / assembly 0s
[33mwarn] Merging 'LICENSE' with strategy 'rename'

  | => root / assembly 0s

  | => root / assembly 1s
[33mwarn] Merging 'META-INF/DEPENDENCIES' with strategy 'discard'

  | => root / assembly 1s
[33mwarn] Merging 'META-INF/INDEX.LIST' with strategy 'discard'

  | => root / assembly 1s
[33mwarn] Merging 'META-INF/MANIFEST.MF' with strategy 'discard'

  | => root / assembly 1s
[33mwarn] Merging 'META-INF/maven/ch.qos.logback/logback-classic/pom.properties' with strategy 'discard'

  | => root / assembly 1s
[33mwarn] Merging 'META-INF/maven/ch.qos.logback/logback-classic/pom.xml' with strategy 'discard'

  | => root / assembly 1s
[33mwarn] Merging 'META-INF/maven/ch.qos.logback/logback-core/pom.properties' with strategy 'discard'

  | => root / assembly 1s
[33mwarn] Merging 'META-INF/maven/ch.qos.logback/logback-core/pom.xml' with strategy 'discard'

  | => root / assembly 1s
[33mwarn] Merging 'META-INF/maven/com.google.code.findbugs/jsr305/pom.properties' with strategy 'discard'

  | => root / assembly 1s
[33mwarn] Merging 'META-INF/maven/com.google.code.findbugs/jsr305/pom.xml' with strategy 'discard'

  | => root / assembly 1s
[33mwarn] Merging 'META-INF/maven/com.google.protobuf/protobuf-java/pom.properties' with strategy 'discard'

  | => root / assembly 1s
[33mwarn] Merging 'META-INF/maven/com.google.protobuf/protobuf-java/pom.xml' with strategy 'discard'

  | => root / assembly 1s
[33mwarn] Merging 'META-INF/maven/com.sun.istack/istack-commons-runtime/pom.properties' with strategy 'discard'

  | => root / assembly 1s
[33mwarn] Merging 'META-INF/maven/com.sun.istack/istack-commons-runtime/pom.xml' with strategy 'discard'

  | => root / assembly 1s
[33mwarn] Merging 'META-INF/maven/com.sun.xml.bind/jaxb-core/pom.properties' with strategy 'discard'

  | => root / assembly 1s
[33mwarn] Merging 'META-INF/maven/com.sun.xml.bind/jaxb-core/pom.xml' with strategy 'discard'

  | => root / assembly 1s
[33mwarn] Merging 'META-INF/maven/com.sun.xml.bind/jaxb-impl/pom.properties' with strategy 'discard'

  | => root / assembly 1s
[33mwarn] Merging 'META-INF/maven/com.sun.xml.bind/jaxb-impl/pom.xml' with strategy 'discard'

  | => root / assembly 1s
[33mwarn] Merging 'META-INF/maven/com.zaxxer/HikariCP/pom.properties' with strategy 'discard'

  | => root / assembly 1s
[33mwarn] Merging 'META-INF/maven/com.zaxxer/HikariCP/pom.xml' with strategy 'discard'

  | => root / assembly 1s
[33mwarn] Merging 'META-INF/maven/commons-io/commons-io/pom.properties' with strategy 'discard'

  | => root / assembly 1s
[33mwarn] Merging 'META-INF/maven/commons-io/commons-io/pom.xml' with strategy 'discard'

  | => root / assembly 1s
[33mwarn] Merging 'META-INF/maven/de.jollyday/jollyday/pom.properties' with strategy 'discard'

  | => root / assembly 1s
[33mwarn] Merging 'META-INF/maven/de.jollyday/jollyday/pom.xml' with strategy 'discard'

  | => root / assembly 1s
[33mwarn] Merging 'META-INF/maven/javax.activation/javax.activation-api/pom.properties' with strategy 'discard'

  | => root / assembly 1s
[33mwarn] Merging 'META-INF/maven/javax.activation/javax.activation-api/pom.xml' with strategy 'discard'

  | => root / assembly 1s
[33mwarn] Merging 'META-INF/maven/javax.servlet/javax.servlet-api/pom.properties' with strategy 'discard'

  | => root / assembly 1s
[33mwarn] Merging 'META-INF/maven/javax.servlet/javax.servlet-api/pom.xml' with strategy 'discard'

  | => root / assembly 1s
[33mwarn] Merging 'META-INF/maven/javax.xml.bind/jaxb-api/pom.properties' with strategy 'discard'

  | => root / assembly 1s
[33mwarn] Merging 'META-INF/maven/javax.xml.bind/jaxb-api/pom.xml' with strategy 'discard'

  | => root / assembly 1s
[33mwarn] Merging 'META-INF/maven/joda-time/joda-time/pom.properties' with strategy 'discard'

  | => root / assembly 1s
[33mwarn] Merging 'META-INF/maven/joda-time/joda-time/pom.xml' with strategy 'discard'

  | => root / assembly 1s
[33mwarn] Merging 'META-INF/maven/net.sf.jopt-simple/jopt-simple/pom.properties' with strategy 'discard'

  | => root / assembly 1s
[33mwarn] Merging 'META-INF/maven/net.sf.jopt-simple/jopt-simple/pom.xml' with strategy 'discard'

  | => root / assembly 1s
[33mwarn] Merging 'META-INF/maven/org.apache.commons/commons-collections4/pom.properties' with strategy 'discard'

  | => root / assembly 1s
[33mwarn] Merging 'META-INF/maven/org.apache.commons/commons-collections4/pom.xml' with strategy 'discard'

  | => root / assembly 1s
[33mwarn] Merging 'META-INF/maven/org.apache.commons/commons-lang3/pom.properties' with strategy 'discard'

  | => root / assembly 1s
[33mwarn] Merging 'META-INF/maven/org.apache.commons/commons-lang3/pom.xml' with strategy 'discard'

  | => root / assembly 1s
[33mwarn] Merging 'META-INF/maven/org.apache.commons/commons-math3/pom.properties' with strategy 'discard'

  | => root / assembly 1s
[33mwarn] Merging 'META-INF/maven/org.apache.commons/commons-math3/pom.xml' with strategy 'discard'

  | => root / assembly 1s
[33mwarn] Merging 'META-INF/maven/org.apache.logging.log4j/log4j-api/pom.properties' with strategy 'discard'

  | => root / assembly 1s
[33mwarn] Merging 'META-INF/maven/org.apache.logging.log4j/log4j-api/pom.xml' with strategy 'discard'

  | => root / assembly 1s
[33mwarn] Merging 'META-INF/maven/org.apache.logging.log4j/log4j-core/pom.properties' with strategy 'discard'

  | => root / assembly 1s
[33mwarn] Merging 'META-INF/maven/org.apache.logging.log4j/log4j-core/pom.xml' with strategy 'discard'

  | => root / assembly 1s
[33mwarn] Merging 'META-INF/maven/org.glassfish.jaxb/jaxb-core/pom.properties' with strategy 'discard'

  | => root / assembly 1s
[33mwarn] Merging 'META-INF/maven/org.glassfish.jaxb/jaxb-core/pom.xml' with strategy 'discard'

  | => root / assembly 1s
[33mwarn] Merging 'META-INF/maven/org.glassfish.jaxb/jaxb-runtime/pom.properties' with strategy 'discard'

  | => root / assembly 1s
[33mwarn] Merging 'META-INF/maven/org.glassfish.jaxb/jaxb-runtime/pom.xml' with strategy 'discard'

  | => root / assembly 1s
[33mwarn] Merging 'META-INF/maven/org.glassfish.jaxb/txw2/pom.properties' with strategy 'discard'

  | => root / assembly 1s
[33mwarn] Merging 'META-INF/maven/org.glassfish.jaxb/txw2/pom.xml' with strategy 'discard'

  | => root / assembly 1s
[33mwarn] Merging 'META-INF/maven/org.glassfish/javax.json/pom.properties' with strategy 'discard'

  | => root / assembly 1s
[33mwarn] Merging 'META-INF/maven/org.glassfish/javax.json/pom.xml' with strategy 'discard'

  | => root / assembly 1s
[33mwarn] Merging 'META-INF/maven/org.openjdk.jmh/jmh-core/pom.properties' with strategy 'discard'

  | => root / assembly 1s
[33mwarn] Merging 'META-INF/maven/org.openjdk.jmh/jmh-core/pom.xml' with strategy 'discard'

  | => root / assembly 1s
[33mwarn] Merging 'META-INF/maven/org.openjdk.jmh/jmh-generator-annprocess/pom.properties' with strategy 'discard'

  | => root / assembly 1s
[33mwarn] Merging 'META-INF/maven/org.openjdk.jmh/jmh-generator-annprocess/pom.xml' with strategy 'discard'

  | => root / assembly 1s
[33mwarn] Merging 'META-INF/maven/org.slf4j/slf4j-api/pom.properties' with strategy 'discard'

  | => root / assembly 1s
[33mwarn] Merging 'META-INF/maven/org.slf4j/slf4j-api/pom.xml' with strategy 'discard'

  | => root / assembly 1s
[33mwarn] Merging 'META-INF/services/javax.annotation.processing.Processor' with strategy 'filterDistinctLines'

  | => root / assembly 1s
[33mwarn] Merging 'META-INF/services/org.apache.lucene.codecs.PostingsFormat' with strategy 'filterDistinctLines'

  | => root / assembly 1s
[33mwarn] Merging 'META-INF/versions/11/module-info.class' with strategy 'discard'

  | => root / assembly 1s
[33mwarn] Merging 'META-INF/versions/9/module-info.class' with strategy 'discard'

  | => root / assembly 1s
[33mwarn] Merging 'module-info.class' with strategy 'discard'

  | => root / assembly 1s
[info] Strategy 'deduplicate' was applied to 136 files (Run the task at debug level to see details)

  | => root / assembly 1s
[33mwarn] Strategy 'discard' was applied to 60 files

  | => root / assembly 1s
[33mwarn] Strategy 'filterDistinctLines' was applied to 2 files

  | => root / assembly 1s
[33mwarn] Strategy 'rename' was applied to 9 files

  | => root / assembly 1s

  | => root / assembly 2s
[info] SHA-1: caf4694e50721beff203e56b8681adc06e199e28

  | => root / assembly 2s
[33mwarn] Ignored unknown package option FixedTimestamp(Some(1262304000000))

  | => root / assembly 2s

  | => root / assembly 3s

  | => root / assembly 4s

  | => root / assembly 5s

  | => root / assembly 6s

  | => root / assembly 7s

  | => root / assembly 8s

  | => root / assembly 9s

  | => root / assembly 10s

  | => root / assembly 11s
[32msuccess] Total time: 40 s, completed Jul 22, 2022, 7:28:56 PM
19:28:57.406 [main] INFO fibonacci - ok
/home/tomasz/Documents/workspace/fibonacci
/home/tomasz/Documents/workspace/fibonacci
[info] welcome to sbt 1.6.2 (Oracle Corporation Java 17.0.2)
[info] loading global plugins from /home/tomasz/.sbt/1.0/plugins

  | => global-plugins / otherResolvers 0s

  | => global-plugins / dependencyPositions 0s
  | => global-plugins / otherResolvers 0s

  | => global-plugins / dependencyPositions 0s
  | => global-plugins / otherResolvers 0s

  | => global-plugins / dependencyPositions 0s
  | => global-plugins / otherResolvers 0s

  | => global-plugins / dependencyPositions 0s
  | => global-plugins / otherResolvers 0s


  | => global-plugins / update 0s


  | => <anon-7a0ef219> 0s
[info] loading settings for project fibonacci-build from plugins.sbt ...
[info] loading project definition from /home/tomasz/Documents/workspace/fibonacci/project

  | => fibonacci-build / update 0s
[info] loading settings for project root from build.sbt ...
[info] set current project to fibonacci-sbt (in build file:/home/tomasz/Documents/workspace/fibonacci/)

  | => root / clean 0s

  | => root / clean 0s
[32msuccess] Total time: 1 s, completed Jul 22, 2022, 7:29:09 PM

  | => root / dependencyPositions 0s

  | => root / scalaCompilerBridgeBinaryJar 0s
  | => root / update 0s

  | => root / scalaCompilerBridgeBinaryJar 1s
  | => root / update 1s

  | => root / scalaCompilerBridgeBinaryJar 2s
  | => root / update 2s


  | => root / update 3s


  | => root / update 4s


  | => root / Compile / compileIncremental 0s
[info] compiling 1 Scala source and 13 Java sources to /home/tomasz/Documents/workspace/fibonacci/target/scala-3.1.2/classes ...

  | => root / Compile / compileIncremental 0s

  | => root / Compile / compileIncremental 0s

  | => root / Compile / compileIncremental 1s

  | => root / Compile / compileIncremental 2s

  | => root / Compile / compileIncremental 3s

  | => root / Compile / compileIncremental 4s

  | => root / Compile / compileIncremental 5s

  | => root / Compile / compileIncremental 6s

  | => root / Compile / compileIncremental 7s

  | => root / Compile / compileIncremental 8s

  | => root / Compile / compileIncremental 9s

  | => root / Compile / compileIncremental 10s

  | => root / Compile / compileIncremental 11s
[33mwarn] Could not determine source for class pl.tomaszgigiel.fibonacci.microbenchmarking.jmh_generated.SQLBigFibonacciApp_binet_jmhTest

  | => root / Compile / compileIncremental 11s
[33mwarn] Could not determine source for class pl.tomaszgigiel.fibonacci.microbenchmarking.jmh_generated.JBigFibonacciApp_jmhType

  | => root / Compile / compileIncremental 11s
[33mwarn] Could not determine source for class pl.tomaszgigiel.fibonacci.microbenchmarking.jmh_generated.SQLBigFibonacciApp_iterative_jmhTest

  | => root / Compile / compileIncremental 11s
[33mwarn] Could not determine source for class pl.tomaszgigiel.fibonacci.microbenchmarking.jmh_generated.JBigFibonacciApp_matrix_jmhTest

  | => root / Compile / compileIncremental 11s
[33mwarn] Could not determine source for class pl.tomaszgigiel.fibonacci.microbenchmarking.jmh_generated.JFibonacciApp_recursive_jmhTest

  | => root / Compile / compileIncremental 11s
[33mwarn] Could not determine source for class pl.tomaszgigiel.fibonacci.microbenchmarking.jmh_generated.SQLBigFibonacciApp_jmhType_B3

  | => root / Compile / compileIncremental 11s
[33mwarn] Could not determine source for class pl.tomaszgigiel.fibonacci.microbenchmarking.jmh_generated.SQLBigFibonacciApp_matrix_jmhTest

  | => root / Compile / compileIncremental 11s
[33mwarn] Could not determine source for class pl.tomaszgigiel.fibonacci.microbenchmarking.jmh_generated.SQLBigFibonacciApp_jmhType_B1

  | => root / Compile / compileIncremental 11s
[33mwarn] Could not determine source for class pl.tomaszgigiel.fibonacci.microbenchmarking.jmh_generated.JBigFibonacciApp_recursive_jmhTest

  | => root / Compile / compileIncremental 11s
[33mwarn] Could not determine source for class pl.tomaszgigiel.fibonacci.microbenchmarking.jmh_generated.SQLBigFibonacciApp_jmhType_B2

  | => root / Compile / compileIncremental 11s
[33mwarn] Could not determine source for class pl.tomaszgigiel.fibonacci.microbenchmarking.jmh_generated.SQLBigFibonacciApp_jmhType

  | => root / Compile / compileIncremental 11s
[33mwarn] Could not determine source for class pl.tomaszgigiel.fibonacci.microbenchmarking.jmh_generated.SQLFibonacciApp_jmhType_B3

  | => root / Compile / compileIncremental 11s
[33mwarn] Could not determine source for class pl.tomaszgigiel.fibonacci.microbenchmarking.jmh_generated.JFibonacciApp_matrix_jmhTest

  | => root / Compile / compileIncremental 11s
[33mwarn] Could not determine source for class pl.tomaszgigiel.fibonacci.microbenchmarking.jmh_generated.JBigFibonacciApp_jmhType_B2

  | => root / Compile / compileIncremental 11s
[33mwarn] Could not determine source for class pl.tomaszgigiel.fibonacci.microbenchmarking.jmh_generated.JBigFibonacciApp_jmhType_B3

  | => root / Compile / compileIncremental 11s
[33mwarn] Could not determine source for class pl.tomaszgigiel.fibonacci.microbenchmarking.jmh_generated.JFibonacciApp_iterative_jmhTest

  | => root / Compile / compileIncremental 11s
[33mwarn] Could not determine source for class pl.tomaszgigiel.fibonacci.microbenchmarking.jmh_generated.SQLFibonacciApp_jmhType_B2

  | => root / Compile / compileIncremental 11s
[33mwarn] Could not determine source for class pl.tomaszgigiel.fibonacci.microbenchmarking.jmh_generated.JBigFibonacciApp_jmhType_B1

  | => root / Compile / compileIncremental 11s
[33mwarn] Could not determine source for class pl.tomaszgigiel.fibonacci.microbenchmarking.jmh_generated.SQLBigFibonacciApp_recursive_jmhTest

  | => root / Compile / compileIncremental 11s
[33mwarn] Could not determine source for class pl.tomaszgigiel.fibonacci.microbenchmarking.jmh_generated.SQLFibonacciApp_jmhType_B1

  | => root / Compile / compileIncremental 11s
[33mwarn] Could not determine source for class pl.tomaszgigiel.fibonacci.microbenchmarking.jmh_generated.JFibonacciApp_binet_jmhTest

  | => root / Compile / compileIncremental 11s
[33mwarn] Could not determine source for class pl.tomaszgigiel.fibonacci.microbenchmarking.jmh_generated.JFibonacciApp_jmhType_B3

  | => root / Compile / compileIncremental 11s
[33mwarn] Could not determine source for class pl.tomaszgigiel.fibonacci.microbenchmarking.jmh_generated.SQLFibonacciApp_jmhType

  | => root / Compile / compileIncremental 11s
[33mwarn] Could not determine source for class pl.tomaszgigiel.fibonacci.microbenchmarking.jmh_generated.JBigFibonacciApp_binet_jmhTest

  | => root / Compile / compileIncremental 11s
[33mwarn] Could not determine source for class pl.tomaszgigiel.fibonacci.microbenchmarking.jmh_generated.JBigFibonacciApp_iterative_jmhTest

  | => root / Compile / compileIncremental 11s
[33mwarn] Could not determine source for class pl.tomaszgigiel.fibonacci.microbenchmarking.jmh_generated.JFibonacciApp_jmhType_B1

  | => root / Compile / compileIncremental 11s
[33mwarn] Could not determine source for class pl.tomaszgigiel.fibonacci.microbenchmarking.jmh_generated.SQLFibonacciApp_select_jmhTest

  | => root / Compile / compileIncremental 11s
[33mwarn] Could not determine source for class pl.tomaszgigiel.fibonacci.microbenchmarking.jmh_generated.JFibonacciApp_jmhType_B2

  | => root / Compile / compileIncremental 11s
[33mwarn] Could not determine source for class pl.tomaszgigiel.fibonacci.microbenchmarking.jmh_generated.JFibonacciApp_jmhType

  | => root / Compile / compileIncremental 11s

  | => root / Compile / compile 0s
[info] compiling 1 Scala source and 8 Java sources to /home/tomasz/Documents/workspace/fibonacci/target/scala-3.1.2/test-classes ...

  | => root / Compile / compile 0s
[info] Including: jaxb-core-2.3.0.1.jar

  | => root / Compile / compile 0s
[info] Including: logback-core-1.2.11.jar

  | => root / Compile / compile 0s
[info] Including: scala3-library_3-3.1.2.jar

  | => root / Compile / compile 0s
[info] Including: jaxb-impl-2.4.0-b180830.0438.jar

  | => root / Compile / compile 0s
[info] Including: AppleJavaExtensions-1.4.jar

  | => root / Compile / compile 0s
[info] Including: jollyday-0.4.9.jar

  | => root / Compile / compile 0s
[info] Including: lucene-queryparser-7.5.0.jar

  | => root / Compile / compile 0s

  | => root / assembly / assembledMappings 0s
  | => root / Test / compileIncremental 0s
[info] Including: cats-core_3-2.7.0.jar

  | => root / assembly / assembledMappings 0s
  | => root / Test / compileIncremental 0s
[info] Including: lucene-analyzers-common-7.5.0.jar

  | => root / assembly / assembledMappings 0s
  | => root / Test / compileIncremental 0s
[info] Including: fs2-core_3-3.2.4.jar

  | => root / assembly / assembledMappings 0s
  | => root / Test / compileIncremental 0s
[info] Including: cats-free_3-2.7.0.jar

  | => root / assembly / assembledMappings 0s
  | => root / Test / compileIncremental 0s
[info] Including: lucene-core-7.5.0.jar

  | => root / assembly / assembledMappings 0s
  | => root / Test / compileIncremental 0s
[info] Including: lucene-queries-7.5.0.jar

  | => root / assembly / assembledMappings 0s
  | => root / Test / compileIncremental 0s
[info] Including: lucene-sandbox-7.5.0.jar

  | => root / assembly / assembledMappings 0s
  | => root / Test / compileIncremental 0s
[info] Including: xercesImpl-2.8.0.jar

  | => root / assembly / assembledMappings 0s
  | => root / Test / compileIncremental 0s
[info] Including: xalan-2.7.2.jar

  | => root / assembly / assembledMappings 0s
  | => root / Test / compileIncremental 0s

  | => root / assembly / assembledMappings 1s
  | => root / Test / compileIncremental 1s
[info] Including: javax.servlet-api-3.0.1.jar

  | => root / assembly / assembledMappings 1s
  | => root / Test / compileIncremental 1s
[info] Including: xom-1.3.7.jar

  | => root / assembly / assembledMappings 1s
  | => root / Test / compileIncremental 1s
[info] Including: cats-effect_3-3.4-389-3862cf0.jar

  | => root / assembly / assembledMappings 1s
  | => root / Test / compileIncremental 1s
[info] Including: joda-time-2.10.5.jar

  | => root / assembly / assembledMappings 1s
  | => root / Test / compileIncremental 1s
[info] Including: commons-collections4-4.4.jar

  | => root / assembly / assembledMappings 1s
  | => root / Test / compileIncremental 1s
[info] Including: ejml-core-0.39.jar

  | => root / assembly / assembledMappings 1s
  | => root / Test / compileIncremental 1s
[info] Including: jsr305-3.0.2.jar

  | => root / assembly / assembledMappings 1s
  | => root / Test / compileIncremental 1s
[info] Including: ejml-fdense-0.39.jar

  | => root / assembly / assembledMappings 1s
  | => root / Test / compileIncremental 1s
[info] Including: commons-io-2.11.0.jar

  | => root / assembly / assembledMappings 1s
  | => root / Test / compileIncremental 1s
[info] Including: ejml-ddense-0.39.jar

  | => root / assembly / assembledMappings 1s
  | => root / Test / compileIncremental 1s
[info] Including: ejml-cdense-0.39.jar

  | => root / assembly / assembledMappings 1s
  | => root / Test / compileIncremental 1s
[info] Including: ejml-zdense-0.39.jar

  | => root / assembly / assembledMappings 1s
  | => root / Test / compileIncremental 1s
[info] Including: ejml-dsparse-0.39.jar

  | => root / assembly / assembledMappings 1s
  | => root / Test / compileIncremental 1s
[info] Including: ejml-fsparse-0.39.jar

  | => root / assembly / assembledMappings 1s
  | => root / Test / compileIncremental 1s
[info] Including: ejml-simple-0.39.jar

  | => root / assembly / assembledMappings 1s
  | => root / Test / compileIncremental 1s
[info] Including: scodec-bits_3-1.1.30.jar

  | => root / assembly / assembledMappings 1s
  | => root / Test / compileIncremental 1s
[info] Including: commons-lang3-3.12.0.jar

  | => root / assembly / assembledMappings 1s
  | => root / Test / compileIncremental 1s
[info] Including: xml-apis-1.3.04.jar

  | => root / assembly / assembledMappings 1s
  | => root / Test / compileIncremental 1s
[info] Including: javax.json-1.0.4.jar

  | => root / assembly / assembledMappings 1s
  | => root / Test / compileIncremental 1s
[info] Including: protobuf-java-3.11.4.jar

  | => root / assembly / assembledMappings 1s
  | => root / Test / compileIncremental 1s
[info] Including: serializer-2.7.2.jar

  | => root / assembly / assembledMappings 1s
  | => root / Test / compileIncremental 1s
[info] Including: doobie-core_3-1.0.0-RC2.jar

  | => root / assembly / assembledMappings 1s
  | => root / Test / compileIncremental 1s

  | => root / assembly / assembledMappings 2s
  | => root / Test / compileIncremental 2s
[info] Including: stanford-corenlp-4.4.0.jar

  | => root / assembly / assembledMappings 2s
  | => root / Test / compileIncremental 2s
[info] Including: doobie-h2_3-1.0.0-RC2.jar

  | => root / assembly / assembledMappings 2s
  | => root / Test / compileIncremental 2s
[info] Including: javax.activation-api-1.2.0.jar

  | => root / assembly / assembledMappings 2s
  | => root / Test / compileIncremental 2s
[info] Including: doobie-hikari_3-1.0.0-RC2.jar

  | => root / assembly / assembledMappings 2s
  | => root / Test / compileIncremental 2s
[info] Including: jaxb-api-2.4.0-b180830.0359.jar

  | => root / assembly / assembledMappings 2s
  | => root / Test / compileIncremental 2s
[info] Including: freemarker-2.3.31.jar

  | => root / assembly / assembledMappings 2s
  | => root / Test / compileIncremental 2s
[info] Including: doobie-free_3-1.0.0-RC2.jar

  | => root / assembly / assembledMappings 2s
  | => root / Test / compileIncremental 2s
[info] Including: jmh-core-1.35.jar

  | => root / assembly / assembledMappings 2s
  | => root / Test / compileIncremental 2s
[info] Including: jmh-generator-annprocess-1.35.jar

  | => root / assembly / assembledMappings 2s
  | => root / Test / compileIncremental 2s

  | => root / assembly / assembledMappings 3s
  | => root / Test / compileIncremental 3s
[info] Including: log4j-core-2.18.0.jar

  | => root / assembly / assembledMappings 3s
  | => root / Test / compileIncremental 3s
[info] Including: config-1.4.2.jar

  | => root / assembly / assembledMappings 3s
  | => root / Test / compileIncremental 3s
[info] Including: zt-zip-1.15.jar

  | => root / assembly / assembledMappings 3s
  | => root / Test / compileIncremental 3s
[info] Including: scala-collection-compat_3-2.6.0.jar

  | => root / assembly / assembledMappings 3s
  | => root / Test / compileIncremental 3s
[info] Including: typename_3-1.0.0.jar

  | => root / assembly / assembledMappings 3s
  | => root / Test / compileIncremental 3s
[info] Including: h2-1.4.200.jar

  | => root / assembly / assembledMappings 3s
  | => root / Test / compileIncremental 3s
[info] Including: scala-library-2.13.8.jar

  | => root / assembly / assembledMappings 3s
  | => root / Test / compileIncremental 3s

  | => root / assembly / assembledMappings 4s
  | => root / Test / compileIncremental 4s
[info] Including: log4j-api-2.18.0.jar

  | => root / assembly / assembledMappings 4s
  | => root / Test / compileIncremental 4s
[info] Including: logback-classic-1.2.11.jar

  | => root / assembly / assembledMappings 4s
  | => root / Test / compileIncremental 4s
[info] Including: scala-logging_3-3.9.5.jar

  | => root / assembly / assembledMappings 4s
  | => root / Test / compileIncremental 4s
[info] Including: HikariCP-4.0.3.jar

  | => root / assembly / assembledMappings 4s
  | => root / Test / compileIncremental 4s
[info] Including: cats-kernel_3-2.7.0.jar

  | => root / assembly / assembledMappings 4s
  | => root / Test / compileIncremental 4s
[info] Including: slf4j-api-1.7.36.jar

  | => root / assembly / assembledMappings 4s
  | => root / Test / compileIncremental 4s
[info] Including: jopt-simple-5.0.4.jar

  | => root / assembly / assembledMappings 4s
  | => root / Test / compileIncremental 4s
[info] Including: commons-math3-3.2.jar

  | => root / assembly / assembledMappings 4s
  | => root / Test / compileIncremental 4s

  | => root / assembly / assembledMappings 5s
  | => root / Test / compileIncremental 5s
[info] Including: cats-effect-kernel_3-3.4-389-3862cf0.jar

  | => root / assembly / assembledMappings 5s
  | => root / Test / compileIncremental 5s
[info] Including: cats-effect-std_3-3.4-389-3862cf0.jar

  | => root / assembly / assembledMappings 5s
  | => root / Test / compileIncremental 5s
[info] Including: simulacrum-scalafix-annotations_3-0.5.4.jar

  | => root / assembly / assembledMappings 5s
  | => root / Test / compileIncremental 5s
[33mwarn] Negative time

  | => root / assembly / assembledMappings 5s
  | => root / Test / compileIncremental 5s
[33mwarn] Negative time

  | => root / assembly / assembledMappings 5s
  | => root / Test / compileIncremental 5s
[33mwarn] Negative time

  | => root / assembly / assembledMappings 5s
  | => root / Test / compileIncremental 5s
[33mwarn] Negative time

  | => root / assembly / assembledMappings 5s
  | => root / Test / compileIncremental 5s
[33mwarn] Negative time

  | => root / assembly / assembledMappings 5s
  | => root / Test / compileIncremental 5s
[33mwarn] Negative time

  | => root / assembly / assembledMappings 5s
  | => root / Test / compileIncremental 5s
[33mwarn] Negative time

  | => root / assembly / assembledMappings 5s
  | => root / Test / compileIncremental 5s
[33mwarn] Negative time

  | => root / assembly / assembledMappings 5s
  | => root / Test / compileIncremental 5s
[33mwarn] Negative time

  | => root / assembly / assembledMappings 5s
  | => root / Test / compileIncremental 5s
[33mwarn] Negative time

  | => root / assembly / assembledMappings 5s
  | => root / Test / compileIncremental 5s


  | => root / Test / compileIncremental 6s


  | => pl.tomaszgigiel.fibonacci.ScalaAppSuite 0s
[info] [32mScalaAppSuite:

  | => pl.tomaszgigiel.fibonacci.ScalaAppSuite 0s
[info] [32m- ok

  | => pl.tomaszgigiel.fibonacci.ScalaAppSuite 0s
[info] [36mRun completed in 308 milliseconds.

  | => pl.tomaszgigiel.fibonacci.ScalaAppSuite 0s
[info] [36mTotal number of tests run: 1

  | => pl.tomaszgigiel.fibonacci.ScalaAppSuite 0s
[info] [36mSuites: completed 1, aborted 0

  | => pl.tomaszgigiel.fibonacci.ScalaAppSuite 0s
[info] [36mTests: succeeded 1, failed 0, canceled 0, ignored 0, pending 0

  | => pl.tomaszgigiel.fibonacci.ScalaAppSuite 0s
[info] [32mAll tests passed.

  | => pl.tomaszgigiel.fibonacci.ScalaAppSuite 0s
[info] Checking every *.class/*.jar file's SHA-1.

  | => pl.tomaszgigiel.fibonacci.ScalaAppSuite 0s
[info] Merging files...

  | => pl.tomaszgigiel.fibonacci.ScalaAppSuite 0s
[33mwarn] Merging 'NOTICE' with strategy 'rename'

  | => pl.tomaszgigiel.fibonacci.ScalaAppSuite 0s
[33mwarn] Merging 'META-INF/NOTICE.txt' with strategy 'rename'

  | => pl.tomaszgigiel.fibonacci.ScalaAppSuite 0s
[33mwarn] Merging 'license/NOTICE' with strategy 'rename'

  | => pl.tomaszgigiel.fibonacci.ScalaAppSuite 0s
[33mwarn] Merging 'META-INF/NOTICE' with strategy 'rename'

  | => pl.tomaszgigiel.fibonacci.ScalaAppSuite 0s
[33mwarn] Merging 'license' with strategy 'rename'

  | => pl.tomaszgigiel.fibonacci.ScalaAppSuite 0s

  | => root / assembly 0s
[33mwarn] Merging 'license/LICENSE' with strategy 'rename'

  | => root / assembly 0s
[33mwarn] Merging 'META-INF/LICENSE.txt' with strategy 'rename'

  | => root / assembly 0s
[33mwarn] Merging 'META-INF/LICENSE' with strategy 'rename'

  | => root / assembly 0s
[33mwarn] Merging 'LICENSE' with strategy 'rename'

  | => root / assembly 0s
[33mwarn] Merging 'META-INF/DEPENDENCIES' with strategy 'discard'

  | => root / assembly 0s
[33mwarn] Merging 'META-INF/INDEX.LIST' with strategy 'discard'

  | => root / assembly 0s
[33mwarn] Merging 'META-INF/MANIFEST.MF' with strategy 'discard'

  | => root / assembly 0s
[33mwarn] Merging 'META-INF/maven/ch.qos.logback/logback-classic/pom.properties' with strategy 'discard'

  | => root / assembly 0s
[33mwarn] Merging 'META-INF/maven/ch.qos.logback/logback-classic/pom.xml' with strategy 'discard'

  | => root / assembly 0s
[33mwarn] Merging 'META-INF/maven/ch.qos.logback/logback-core/pom.properties' with strategy 'discard'

  | => root / assembly 0s
[33mwarn] Merging 'META-INF/maven/ch.qos.logback/logback-core/pom.xml' with strategy 'discard'

  | => root / assembly 0s
[33mwarn] Merging 'META-INF/maven/com.google.code.findbugs/jsr305/pom.properties' with strategy 'discard'

  | => root / assembly 0s
[33mwarn] Merging 'META-INF/maven/com.google.code.findbugs/jsr305/pom.xml' with strategy 'discard'

  | => root / assembly 0s
[33mwarn] Merging 'META-INF/maven/com.google.protobuf/protobuf-java/pom.properties' with strategy 'discard'

  | => root / assembly 0s
[33mwarn] Merging 'META-INF/maven/com.google.protobuf/protobuf-java/pom.xml' with strategy 'discard'

  | => root / assembly 0s
[33mwarn] Merging 'META-INF/maven/com.sun.istack/istack-commons-runtime/pom.properties' with strategy 'discard'

  | => root / assembly 0s
[33mwarn] Merging 'META-INF/maven/com.sun.istack/istack-commons-runtime/pom.xml' with strategy 'discard'

  | => root / assembly 0s
[33mwarn] Merging 'META-INF/maven/com.sun.xml.bind/jaxb-core/pom.properties' with strategy 'discard'

  | => root / assembly 0s
[33mwarn] Merging 'META-INF/maven/com.sun.xml.bind/jaxb-core/pom.xml' with strategy 'discard'

  | => root / assembly 0s
[33mwarn] Merging 'META-INF/maven/com.sun.xml.bind/jaxb-impl/pom.properties' with strategy 'discard'

  | => root / assembly 0s
[33mwarn] Merging 'META-INF/maven/com.sun.xml.bind/jaxb-impl/pom.xml' with strategy 'discard'

  | => root / assembly 0s
[33mwarn] Merging 'META-INF/maven/com.zaxxer/HikariCP/pom.properties' with strategy 'discard'

  | => root / assembly 0s
[33mwarn] Merging 'META-INF/maven/com.zaxxer/HikariCP/pom.xml' with strategy 'discard'

  | => root / assembly 0s
[33mwarn] Merging 'META-INF/maven/commons-io/commons-io/pom.properties' with strategy 'discard'

  | => root / assembly 0s
[33mwarn] Merging 'META-INF/maven/commons-io/commons-io/pom.xml' with strategy 'discard'

  | => root / assembly 0s
[33mwarn] Merging 'META-INF/maven/de.jollyday/jollyday/pom.properties' with strategy 'discard'

  | => root / assembly 0s
[33mwarn] Merging 'META-INF/maven/de.jollyday/jollyday/pom.xml' with strategy 'discard'

  | => root / assembly 0s
[33mwarn] Merging 'META-INF/maven/javax.activation/javax.activation-api/pom.properties' with strategy 'discard'

  | => root / assembly 0s
[33mwarn] Merging 'META-INF/maven/javax.activation/javax.activation-api/pom.xml' with strategy 'discard'

  | => root / assembly 0s
[33mwarn] Merging 'META-INF/maven/javax.servlet/javax.servlet-api/pom.properties' with strategy 'discard'

  | => root / assembly 0s
[33mwarn] Merging 'META-INF/maven/javax.servlet/javax.servlet-api/pom.xml' with strategy 'discard'

  | => root / assembly 0s
[33mwarn] Merging 'META-INF/maven/javax.xml.bind/jaxb-api/pom.properties' with strategy 'discard'

  | => root / assembly 0s
[33mwarn] Merging 'META-INF/maven/javax.xml.bind/jaxb-api/pom.xml' with strategy 'discard'

  | => root / assembly 0s
[33mwarn] Merging 'META-INF/maven/joda-time/joda-time/pom.properties' with strategy 'discard'

  | => root / assembly 0s
[33mwarn] Merging 'META-INF/maven/joda-time/joda-time/pom.xml' with strategy 'discard'

  | => root / assembly 0s
[33mwarn] Merging 'META-INF/maven/net.sf.jopt-simple/jopt-simple/pom.properties' with strategy 'discard'

  | => root / assembly 0s
[33mwarn] Merging 'META-INF/maven/net.sf.jopt-simple/jopt-simple/pom.xml' with strategy 'discard'

  | => root / assembly 0s
[33mwarn] Merging 'META-INF/maven/org.apache.commons/commons-collections4/pom.properties' with strategy 'discard'

  | => root / assembly 0s
[33mwarn] Merging 'META-INF/maven/org.apache.commons/commons-collections4/pom.xml' with strategy 'discard'

  | => root / assembly 0s
[33mwarn] Merging 'META-INF/maven/org.apache.commons/commons-lang3/pom.properties' with strategy 'discard'

  | => root / assembly 0s
[33mwarn] Merging 'META-INF/maven/org.apache.commons/commons-lang3/pom.xml' with strategy 'discard'

  | => root / assembly 0s
[33mwarn] Merging 'META-INF/maven/org.apache.commons/commons-math3/pom.properties' with strategy 'discard'

  | => root / assembly 0s
[33mwarn] Merging 'META-INF/maven/org.apache.commons/commons-math3/pom.xml' with strategy 'discard'

  | => root / assembly 0s
[33mwarn] Merging 'META-INF/maven/org.apache.logging.log4j/log4j-api/pom.properties' with strategy 'discard'

  | => root / assembly 0s
[33mwarn] Merging 'META-INF/maven/org.apache.logging.log4j/log4j-api/pom.xml' with strategy 'discard'

  | => root / assembly 0s
[33mwarn] Merging 'META-INF/maven/org.apache.logging.log4j/log4j-core/pom.properties' with strategy 'discard'

  | => root / assembly 0s
[33mwarn] Merging 'META-INF/maven/org.apache.logging.log4j/log4j-core/pom.xml' with strategy 'discard'

  | => root / assembly 0s
[33mwarn] Merging 'META-INF/maven/org.glassfish.jaxb/jaxb-core/pom.properties' with strategy 'discard'

  | => root / assembly 0s
[33mwarn] Merging 'META-INF/maven/org.glassfish.jaxb/jaxb-core/pom.xml' with strategy 'discard'

  | => root / assembly 0s
[33mwarn] Merging 'META-INF/maven/org.glassfish.jaxb/jaxb-runtime/pom.properties' with strategy 'discard'

  | => root / assembly 0s
[33mwarn] Merging 'META-INF/maven/org.glassfish.jaxb/jaxb-runtime/pom.xml' with strategy 'discard'

  | => root / assembly 0s
[33mwarn] Merging 'META-INF/maven/org.glassfish.jaxb/txw2/pom.properties' with strategy 'discard'

  | => root / assembly 0s
[33mwarn] Merging 'META-INF/maven/org.glassfish.jaxb/txw2/pom.xml' with strategy 'discard'

  | => root / assembly 0s
[33mwarn] Merging 'META-INF/maven/org.glassfish/javax.json/pom.properties' with strategy 'discard'

  | => root / assembly 0s
[33mwarn] Merging 'META-INF/maven/org.glassfish/javax.json/pom.xml' with strategy 'discard'

  | => root / assembly 0s
[33mwarn] Merging 'META-INF/maven/org.openjdk.jmh/jmh-core/pom.properties' with strategy 'discard'

  | => root / assembly 0s
[33mwarn] Merging 'META-INF/maven/org.openjdk.jmh/jmh-core/pom.xml' with strategy 'discard'

  | => root / assembly 0s
[33mwarn] Merging 'META-INF/maven/org.openjdk.jmh/jmh-generator-annprocess/pom.properties' with strategy 'discard'

  | => root / assembly 0s
[33mwarn] Merging 'META-INF/maven/org.openjdk.jmh/jmh-generator-annprocess/pom.xml' with strategy 'discard'

  | => root / assembly 0s
[33mwarn] Merging 'META-INF/maven/org.slf4j/slf4j-api/pom.properties' with strategy 'discard'

  | => root / assembly 0s
[33mwarn] Merging 'META-INF/maven/org.slf4j/slf4j-api/pom.xml' with strategy 'discard'

  | => root / assembly 0s
[33mwarn] Merging 'META-INF/services/javax.annotation.processing.Processor' with strategy 'filterDistinctLines'

  | => root / assembly 0s
[33mwarn] Merging 'META-INF/services/org.apache.lucene.codecs.PostingsFormat' with strategy 'filterDistinctLines'

  | => root / assembly 0s
[33mwarn] Merging 'META-INF/versions/11/module-info.class' with strategy 'discard'

  | => root / assembly 0s
[33mwarn] Merging 'META-INF/versions/9/module-info.class' with strategy 'discard'

  | => root / assembly 0s

  | => root / assembly 1s
[33mwarn] Merging 'module-info.class' with strategy 'discard'

  | => root / assembly 1s
[info] Strategy 'deduplicate' was applied to 136 files (Run the task at debug level to see details)

  | => root / assembly 1s
[33mwarn] Strategy 'discard' was applied to 60 files

  | => root / assembly 1s
[33mwarn] Strategy 'filterDistinctLines' was applied to 2 files

  | => root / assembly 1s
[33mwarn] Strategy 'rename' was applied to 9 files

  | => root / assembly 1s
[info] SHA-1: caf4694e50721beff203e56b8681adc06e199e28

  | => root / assembly 1s
[33mwarn] Ignored unknown package option FixedTimestamp(Some(1262304000000))

  | => root / assembly 1s

  | => root / assembly 2s

  | => root / assembly 3s

  | => root / assembly 4s

  | => root / assembly 5s

  | => root / assembly 6s

  | => root / assembly 7s

  | => root / assembly 8s

  | => root / assembly 9s

  | => root / assembly 10s
[32msuccess] Total time: 36 s, completed Jul 22, 2022, 7:29:45 PM
/home/tomasz/Documents/workspace/fibonacci
/home/tomasz/Documents/workspace/fibonacci
Compiling pl.tomaszgigiel.fibonacci.core
/home/tomasz/Documents/workspace/fibonacci
/home/tomasz/Documents/workspace/fibonacci
Compiling pl.tomaszgigiel.fibonacci.core

lein test pl.tomaszgigiel.fibonacci.core-test

Ran 1 tests containing 1 assertions.
0 failures, 0 errors.
/home/tomasz/Documents/workspace/fibonacci
/home/tomasz/Documents/workspace/fibonacci

lein test pl.tomaszgigiel.fibonacci.core-test

Ran 1 tests containing 1 assertions.
0 failures, 0 errors.
/home/tomasz/Documents/workspace/fibonacci
/home/tomasz/Documents/workspace/fibonacci
Compiling pl.tomaszgigiel.fibonacci.core
Jul 22, 2022 7:30:09 PM clojure.tools.logging$eval155$fn__158 invoke
INFO: nil
Jul 22, 2022 7:30:09 PM clojure.tools.logging$eval155$fn__158 invoke
INFO: ok (clojure)
/home/tomasz/Documents/workspace/fibonacci
/home/tomasz/Documents/workspace/fibonacci
Compiling pl.tomaszgigiel.fibonacci.core
Jul 22, 2022 7:30:15 PM clojure.tools.logging$eval155$fn__158 invoke
INFO: nil
Jul 22, 2022 7:30:15 PM clojure.tools.logging$eval155$fn__158 invoke
INFO: ok (clojure)
/home/tomasz/Documents/workspace/fibonacci
/home/tomasz/Documents/workspace/fibonacci
Compiling pl.tomaszgigiel.fibonacci.core
Created /home/tomasz/Documents/workspace/fibonacci/target/uberjar/fibonacci-lein.jar
Created /home/tomasz/Documents/workspace/fibonacci/target/uberjar/fibonacci-lein-uberjar.jar
Jul 22, 2022 7:30:26 PM clojure.tools.logging$eval136$fn__139 invoke
INFO: nil
Jul 22, 2022 7:30:26 PM clojure.tools.logging$eval136$fn__139 invoke
INFO: ok (clojure)
/home/tomasz/Documents/workspace/fibonacci
/home/tomasz/Documents/workspace/fibonacci
Compiling pl.tomaszgigiel.fibonacci.core
Created /home/tomasz/Documents/workspace/fibonacci/target/uberjar/fibonacci-lein.jar
Created /home/tomasz/Documents/workspace/fibonacci/target/uberjar/fibonacci-lein-uberjar.jar
Jul 22, 2022 7:30:37 PM clojure.tools.logging$eval136$fn__139 invoke
INFO: nil
Jul 22, 2022 7:30:37 PM clojure.tools.logging$eval136$fn__139 invoke
INFO: ok (clojure)
/home/tomasz/Documents/workspace/fibonacci
/home/tomasz/Documents/workspace/fibonacci
Compiling pl.tomaszgigiel.fibonacci.core
Created /home/tomasz/Documents/workspace/fibonacci/target/uberjar/fibonacci-lein.jar
Created /home/tomasz/Documents/workspace/fibonacci/target/uberjar/fibonacci-lein-uberjar.jar
/home/tomasz/Documents/workspace/fibonacci
/home/tomasz/Documents/workspace/fibonacci

Script done on 2022-07-22 19:30:46+0200
